Mplus VERSION 7.4 (Mac)
MUTHEN & MUTHEN
11/30/2016  10:29 PM

INPUT INSTRUCTIONS

  TITLE:
  Script produced from the prototype in ./sandbox/syntax-creator/
  DATA:
  File = wide-dataset.dat ;
  VARIABLE:
  NAMES are
   id male age_c70 edu_c7 htm_c smoke heart diabetes dementia_ever bnt_00 bnt_01
      bnt_02 bnt_03 bnt_04 bnt_05 bnt_06 bnt_07 bnt_08 bnt_09 bnt_10 bnt_11 bnt_12
      bnt_13 bnt_14 bnt_15 bnt_16 bnt_17 bnt_18 bostordel_00 bostordel_01 bostordel_02
      bostordel_03 bostordel_04 bostordel_05 bostordel_06 bostordel_07 bostordel_08
      bostordel_09 bostordel_10 bostordel_11 bostordel_12 bostordel_13 bostordel_14
      bostordel_15 bostordel_16 bostordel_17 bostordel_18 bostorim_00 bostorim_01
      bostorim_02 bostorim_03 bostorim_04 bostorim_05 bostorim_06 bostorim_07
      bostorim_08 bostorim_09 bostorim_10 bostorim_11 bostorim_12 bostorim_13
      bostorim_14 bostorim_15 bostorim_16 bostorim_17 bostorim_18 catfluency_00
      catfluency_01 catfluency_02 catfluency_03 catfluency_04 catfluency_05
      catfluency_06 catfluency_07 catfluency_08 catfluency_09 catfluency_10
      catfluency_11 catfluency_12 catfluency_13 catfluency_14 catfluency_15
      catfluency_16 catfluency_17 catfluency_18 complexideas_00 complexideas_01
      complexideas_02 complexideas_03 complexideas_04 complexideas_05 complexideas_06
      complexideas_07 complexideas_08 complexideas_09 complexideas_10 complexideas_11
      complexideas_12 complexideas_13 complexideas_14 complexideas_15 complexideas_16
      complexideas_17 complexideas_18 digitbackward_00 digitbackward_01
      digitbackward_02 digitbackward_03 digitbackward_04 digitbackward_05
      digitbackward_06 digitbackward_07 digitbackward_08 digitbackward_09
      digitbackward_10 digitbackward_11 digitbackward_12 digitbackward_13
      digitbackward_14 digitbackward_15 digitbackward_16 digitbackward_17
      digitbackward_18 digitforward_00 digitforward_01 digitforward_02 digitforward_03
      digitforward_04 digitforward_05 digitforward_06 digitforward_07 digitforward_08
      digitforward_09 digitforward_10 digitforward_11 digitforward_12 digitforward_13
      digitforward_14 digitforward_15 digitforward_16 digitforward_17 digitforward_18
      digitorder_00 digitorder_01 digitorder_02 digitorder_03 digitorder_04
      digitorder_05 digitorder_06 digitorder_07 digitorder_08 digitorder_09
      digitorder_10 digitorder_11 digitorder_12 digitorder_13 digitorder_14
      digitorder_15 digitorder_16 digitorder_17 digitorder_18 fev_00 fev_01 fev_02
      fev_03 fev_04 fev_05 fev_06 fev_07 fev_08 fev_09 fev_10 fev_11 fev_12 fev_13
      fev_14 fev_15 fev_16 fev_17 fev_18 gait_00 gait_01 gait_02 gait_03 gait_04
      gait_05 gait_06 gait_07 gait_08 gait_09 gait_10 gait_11 gait_12 gait_13 gait_14
      gait_15 gait_16 gait_17 gait_18 grip_00 grip_01 grip_02 grip_03 grip_04 grip_05
      grip_06 grip_07 grip_08 grip_09 grip_10 grip_11 grip_12 grip_13 grip_14 grip_15
      grip_16 grip_17 grip_18 lineorientation_00 lineorientation_01 lineorientation_02
      lineorientation_03 lineorientation_04 lineorientation_05 lineorientation_06
      lineorientation_07 lineorientation_08 lineorientation_09 lineorientation_10
      lineorientation_11 lineorientation_12 lineorientation_13 lineorientation_14
      lineorientation_15 lineorientation_16 lineorientation_17 lineorientation_18
      logimemdel_00 logimemdel_01 logimemdel_02 logimemdel_03 logimemdel_04
      logimemdel_05 logimemdel_06 logimemdel_07 logimemdel_08 logimemdel_09
      logimemdel_10 logimemdel_11 logimemdel_12 logimemdel_13 logimemdel_14
      logimemdel_15 logimemdel_16 logimemdel_17 logimemdel_18 logimemim_00
      logimemim_01 logimemim_02 logimemim_03 logimemim_04 logimemim_05 logimemim_06
      logimemim_07 logimemim_08 logimemim_09 logimemim_10 logimemim_11 logimemim_12
      logimemim_13 logimemim_14 logimemim_15 logimemim_16 logimemim_17 logimemim_18
      matrices_00 matrices_01 matrices_02 matrices_03 matrices_04 matrices_05
      matrices_06 matrices_07 matrices_08 matrices_09 matrices_10 matrices_11
      matrices_12 matrices_13 matrices_14 matrices_15 matrices_16 matrices_17
      matrices_18 mmse_00 mmse_01 mmse_02 mmse_03 mmse_04 mmse_05 mmse_06 mmse_07
      mmse_08 mmse_09 mmse_10 mmse_11 mmse_12 mmse_13 mmse_14 mmse_15 mmse_16 mmse_17
      mmse_18 nart_00 nart_01 nart_02 nart_03 nart_04 nart_05 nart_06 nart_07 nart_08
      nart_09 nart_10 nart_11 nart_12 nart_13 nart_14 nart_15 nart_16 nart_17 nart_18
      numbercomparison_00 numbercomparison_01 numbercomparison_02 numbercomparison_03
      numbercomparison_04 numbercomparison_05 numbercomparison_06 numbercomparison_07
      numbercomparison_08 numbercomparison_09 numbercomparison_10 numbercomparison_11
      numbercomparison_12 numbercomparison_13 numbercomparison_14 numbercomparison_15
      numbercomparison_16 numbercomparison_17 numbercomparison_18 symbol_00
      symbol_01 symbol_02 symbol_03 symbol_04 symbol_05 symbol_06 symbol_07 symbol_08
      symbol_09 symbol_10 symbol_11 symbol_12 symbol_13 symbol_14 symbol_15 symbol_16
      symbol_17 symbol_18 wordlistdel_00 wordlistdel_01 wordlistdel_02 wordlistdel_03
      wordlistdel_04 wordlistdel_05 wordlistdel_06 wordlistdel_07 wordlistdel_08
      wordlistdel_09 wordlistdel_10 wordlistdel_11 wordlistdel_12 wordlistdel_13
      wordlistdel_14 wordlistdel_15 wordlistdel_16 wordlistdel_17 wordlistdel_18
      wordlistim_00 wordlistim_01 wordlistim_02 wordlistim_03 wordlistim_04
      wordlistim_05 wordlistim_06 wordlistim_07 wordlistim_08 wordlistim_09
      wordlistim_10 wordlistim_11 wordlistim_12 wordlistim_13 wordlistim_14
      wordlistim_15 wordlistim_16 wordlistim_17 wordlistim_18 wordlistrecog_00
      wordlistrecog_01 wordlistrecog_02 wordlistrecog_03 wordlistrecog_04
      wordlistrecog_05 wordlistrecog_06 wordlistrecog_07 wordlistrecog_08
      wordlistrecog_09 wordlistrecog_10 wordlistrecog_11 wordlistrecog_12
      wordlistrecog_13 wordlistrecog_14 wordlistrecog_15 wordlistrecog_16
      wordlistrecog_17 wordlistrecog_18 years_since_bl_00 years_since_bl_01
      years_since_bl_02 years_since_bl_03 years_since_bl_04 years_since_bl_05
      years_since_bl_06 years_since_bl_07 years_since_bl_08 years_since_bl_09
      years_since_bl_10 years_since_bl_11 years_since_bl_12 years_since_bl_13
      years_since_bl_14 years_since_bl_15 years_since_bl_16 years_since_bl_17
      years_since_bl_18
  	;
  Missing are all (-9999);
  USEVARIABLES are
  	!define the variables used in the analysis
  	! covariates used in the model
  age_c70
  edu_c7
  htm_c
  smoke
  heart
  diabetes	
  	!estimated time points
  time_01
  time_02
  time_03
  time_04
  time_05
  	!modelled time points of process (A)
  a_01
  a_02
  a_03
  a_04
  a_05
  	!modelled time points of process (B)
  b_01
  b_02
  b_03
  b_04
  b_05
  ;
  TSCORES are
  	!estimated time points
  time_01
  time_02
  time_03
  time_04
  time_05;
  USEOBSERVATIONS are
  	!select a subset of observations
  male EQ 0
  and
  dementia_ever NE 1
  ;
  DEFINE:
  	! assign variables to the process (A)
  a_01=fev_01;
  a_02=fev_02;
  a_03=fev_03;
  a_04=fev_04;
  a_05=fev_05;
  	! assign variables to the process (B)
  b_01=bnt_01;
  b_02=bnt_02;
  b_03=bnt_03;
  b_04=bnt_04;
  b_05=bnt_05;
  	!assign variables to time points
  time_01=years_since_bl_01;
  time_02=years_since_bl_02;
  time_03=years_since_bl_03;
  time_04=years_since_bl_04;
  time_05=years_since_bl_05;
  	
  ANALYSIS:
  TYPE = RANDOM;
  COVERAGE=.00;
  MODEL:
  	!first-level equation
  	! assign process (A) to time points
  ia sa | a_01 AT time_01 ;
  ia sa | a_02 AT time_02 ;
  ia sa | a_03 AT time_03 ;
  ia sa | a_04 AT time_04 ;
  ia sa | a_05 AT time_05 ;
  	! assign process (B) to time points
  ib sb | b_01 AT time_01 ;
  ib sb | b_02 AT time_02 ;
  ib sb | b_03 AT time_03 ;
  ib sb | b_04 AT time_04 ;
  ib sb | b_05 AT time_05 ;
  	!variance of the first-level terms
  ia (v_ia);
  sa (v_sa);
  ib (v_ib);
  sb (v_sb);
  	!covariance among first-level terms
  ia WITH sa (c_iasa);
  ia WITH ib (c_iaib);
  ia WITH sb (c_iasb);
  sa WITH ib (c_saib);
  sa WITH sb (c_sasb);
  ib WITH sb (c_ibsb);
  	!second-level equation
  ia sa ib sb ON age_c70
  edu_c7
  htm_c
  smoke
  heart
  diabetes;
  	!residual covariance of process (A)
  a_01 (res_a);
  a_02 (res_a);
  a_03 (res_a);
  a_04 (res_a);
  a_05 (res_a);	
  	!residual covariance of process (B)
  b_01 (res_b);
  b_02 (res_b);
  b_03 (res_b);
  b_04 (res_b);
  b_05 (res_b);	
  	!Paired covariances constrained to be equal across t
  a_01 pwith b_01 (res_cov);
  a_02 pwith b_02 (res_cov);
  a_03 pwith b_03 (res_cov);
  a_04 pwith b_04 (res_cov);
  a_05 pwith b_05 (res_cov);	
  MODEL CONSTRAINT:
  	!assigns labels to new parameters;
  NEW r_iaib;
  NEW r_sasb;
  NEW r_res_ab;
  	!compute confidence intervals for correlation coefficients;
  r_iaib = c_iaib/((v_ia**0.5)*(v_ib**0.5));
  r_sasb = c_sasb/((v_sa**0.5)*(v_sb**0.5));
  r_res_ab = res_cov/((res_a**0.5)*(res_b**0.5));
  SAVEDATA:
  FILE is   b1_female_aehplus_fev_bnt_fscores.dat;
  SAVE = FSCORES;
  RESULTS are   b1_female_aehplus_fev_bnt_results.dat;
  	
  OUTPUT: sampstat cinterval;
  PLOT: Type is Plot1 Plot2 Plot3;



*** WARNING
  Data set contains cases with missing on x-variables.
  These cases were not included in the analysis.
  Number of cases with missing on x-variables:  5
*** WARNING
  Data set contains cases with missing on all variables except
  x-variables.  These cases were not included in the analysis.
  Number of cases with missing on all variables except x-variables:  87
   2 WARNING(S) FOUND IN THE INPUT INSTRUCTIONS




Script produced from the prototype in ./sandbox/syntax-creator/

SUMMARY OF ANALYSIS

Number of groups                                                 1
Number of observations                                         884

Number of dependent variables                                   10
Number of independent variables                                  6
Number of continuous latent variables                            4

Observed dependent variables

  Continuous
   A_01        A_02        A_03        A_04        A_05        B_01
   B_02        B_03        B_04        B_05

Observed independent variables
   AGE_C70     EDU_C7      HTM_C       SMOKE       HEART       DIABETES

Continuous latent variables
   IA          SA          IB          SB

Variables with special functions

  Time scores
   TIME_01     TIME_02     TIME_03     TIME_04     TIME_05


Estimator                                                      MLR
Information matrix                                        OBSERVED
Maximum number of iterations                                   100
Convergence criterion                                    0.100D-05
Maximum number of EM iterations                                500
Convergence criteria for the EM algorithm
  Loglikelihood change                                   0.100D-02
  Relative loglikelihood change                          0.100D-05
  Derivative                                             0.100D-03
Minimum variance                                         0.100D-03
Maximum number of steepest descent iterations                   20
Maximum number of iterations for H1                           2000
Convergence criterion for H1                             0.100D-03
Optimization algorithm                                         EMA

Input data file(s)
  wide-dataset.dat
Input data format  FREE


SUMMARY OF DATA

     Number of missing data patterns           151


COVARIANCE COVERAGE OF DATA

Minimum covariance coverage value   0.000


     PROPORTION OF DATA PRESENT


           Covariance Coverage
              A_01          A_02          A_03          A_04          A_05
              ________      ________      ________      ________      ________
 A_01           0.701
 A_02           0.508         0.580
 A_03           0.337         0.354         0.421
 A_04           0.218         0.215         0.231         0.346
 A_05           0.139         0.140         0.124         0.165         0.249
 B_01           0.688         0.559         0.405         0.335         0.241
 B_02           0.624         0.570         0.406         0.329         0.235
 B_03           0.525         0.511         0.414         0.333         0.235
 B_04           0.441         0.417         0.352         0.339         0.234
 B_05           0.354         0.330         0.287         0.282         0.241
 AGE_C70        0.701         0.580         0.421         0.346         0.249
 EDU_C7         0.701         0.580         0.421         0.346         0.249
 HTM_C          0.701         0.580         0.421         0.346         0.249
 SMOKE          0.701         0.580         0.421         0.346         0.249
 HEART          0.701         0.580         0.421         0.346         0.249
 DIABETES       0.701         0.580         0.421         0.346         0.249


           Covariance Coverage
              B_01          B_02          B_03          B_04          B_05
              ________      ________      ________      ________      ________
 B_01           0.954
 B_02           0.824         0.853
 B_03           0.708         0.702         0.734
 B_04           0.598         0.584         0.586         0.620
 B_05           0.492         0.482         0.481         0.474         0.506
 AGE_C70        0.954         0.853         0.734         0.620         0.506
 EDU_C7         0.954         0.853         0.734         0.620         0.506
 HTM_C          0.954         0.853         0.734         0.620         0.506
 SMOKE          0.954         0.853         0.734         0.620         0.506
 HEART          0.954         0.853         0.734         0.620         0.506
 DIABETES       0.954         0.853         0.734         0.620         0.506


           Covariance Coverage
              AGE_C70       EDU_C7        HTM_C         SMOKE         HEART
              ________      ________      ________      ________      ________
 AGE_C70        1.000
 EDU_C7         1.000         1.000
 HTM_C          1.000         1.000         1.000
 SMOKE          1.000         1.000         1.000         1.000
 HEART          1.000         1.000         1.000         1.000         1.000
 DIABETES       1.000         1.000         1.000         1.000         1.000


           Covariance Coverage
              DIABETES
              ________
 DIABETES       1.000


SAMPLE STATISTICS


     ESTIMATED SAMPLE STATISTICS


           Means
              A_01          A_02          A_03          A_04          A_05
              ________      ________      ________      ________      ________
 1              1.499         1.500         1.448         1.412         1.391


           Means
              B_01          B_02          B_03          B_04          B_05
              ________      ________      ________      ________      ________
 1             14.088        14.127        14.097        14.080        14.102


           Means
              AGE_C70       EDU_C7        HTM_C         SMOKE         HEART
              ________      ________      ________      ________      ________
 1              8.334         7.517        -0.007         0.405         0.119


           Means
              DIABETES
              ________
 1              0.186


           Covariances
              A_01          A_02          A_03          A_04          A_05
              ________      ________      ________      ________      ________
 A_01           0.187
 A_02           0.163         0.182
 A_03           0.159         0.163         0.177
 A_04           0.162         0.161         0.160         0.183
 A_05           0.153         0.156         0.152         0.162         0.183
 B_01           0.075         0.074         0.088         0.082         0.089
 B_02           0.068         0.063         0.074         0.079         0.099
 B_03           0.065         0.070         0.091         0.093         0.110
 B_04           0.082         0.067         0.078         0.088         0.103
 B_05           0.075         0.078         0.070         0.079         0.080
 AGE_C70       -1.521        -1.503        -1.318        -1.512        -1.540
 EDU_C7         0.176         0.163         0.126         0.192         0.160
 HTM_C          0.012         0.011         0.010         0.011         0.011
 SMOKE         -0.011        -0.010        -0.005        -0.014        -0.014
 HEART         -0.018        -0.017        -0.019        -0.018        -0.019
 DIABETES       0.004         0.008         0.007         0.006         0.005


           Covariances
              B_01          B_02          B_03          B_04          B_05
              ________      ________      ________      ________      ________
 B_01           1.273
 B_02           0.815         1.167
 B_03           0.784         0.814         1.358
 B_04           0.719         0.777         0.861         1.187
 B_05           0.711         0.754         0.801         0.737         1.146
 AGE_C70       -1.590        -1.727        -1.775        -1.807        -1.797
 EDU_C7         0.790         0.728         0.827         0.788         0.813
 HTM_C          0.011         0.015         0.010         0.011         0.011
 SMOKE          0.024         0.026         0.032         0.011         0.024
 HEART         -0.013        -0.004        -0.012        -0.007        -0.026
 DIABETES      -0.018        -0.012        -0.015        -0.002        -0.020


           Covariances
              AGE_C70       EDU_C7        HTM_C         SMOKE         HEART
              ________      ________      ________      ________      ________
 AGE_C70       61.305
 EDU_C7        -1.110         9.589
 HTM_C         -0.092         0.033         0.005
 SMOKE         -0.314         0.037         0.002         0.241
 HEART          0.276        -0.033        -0.001         0.003         0.105
 DIABETES      -0.372        -0.195         0.000        -0.008         0.005


           Covariances
              DIABETES
              ________
 DIABETES       0.151


           Correlations
              A_01          A_02          A_03          A_04          A_05
              ________      ________      ________      ________      ________
 A_01           1.000
 A_02           0.882         1.000
 A_03           0.871         0.904         1.000
 A_04           0.873         0.884         0.886         1.000
 A_05           0.830         0.852         0.846         0.886         1.000
 B_01           0.153         0.154         0.186         0.170         0.186
 B_02           0.146         0.136         0.162         0.170         0.215
 B_03           0.128         0.141         0.185         0.187         0.221
 B_04           0.174         0.143         0.171         0.189         0.220
 B_05           0.163         0.170         0.156         0.172         0.176
 AGE_C70       -0.449        -0.449        -0.400        -0.451        -0.460
 EDU_C7         0.131         0.124         0.097         0.145         0.121
 HTM_C          0.380         0.372         0.349         0.358         0.383
 SMOKE         -0.053        -0.046        -0.022        -0.066        -0.067
 HEART         -0.126        -0.120        -0.140        -0.132        -0.141
 DIABETES       0.024         0.050         0.041         0.037         0.031


           Correlations
              B_01          B_02          B_03          B_04          B_05
              ________      ________      ________      ________      ________
 B_01           1.000
 B_02           0.669         1.000
 B_03           0.596         0.646         1.000
 B_04           0.585         0.660         0.678         1.000
 B_05           0.588         0.651         0.642         0.632         1.000
 AGE_C70       -0.180        -0.204        -0.195        -0.212        -0.214
 EDU_C7         0.226         0.217         0.229         0.234         0.245
 HTM_C          0.136         0.194         0.118         0.144         0.144
 SMOKE          0.043         0.049         0.056         0.021         0.045
 HEART         -0.036        -0.013        -0.032        -0.021        -0.074
 DIABETES      -0.041        -0.028        -0.033        -0.005        -0.048


           Correlations
              AGE_C70       EDU_C7        HTM_C         SMOKE         HEART
              ________      ________      ________      ________      ________
 AGE_C70        1.000
 EDU_C7        -0.046         1.000
 HTM_C         -0.168         0.152         1.000
 SMOKE         -0.082         0.025         0.063         1.000
 HEART          0.109        -0.033        -0.050         0.018         1.000
 DIABETES      -0.122        -0.162         0.015        -0.044         0.041


           Correlations
              DIABETES
              ________
 DIABETES       1.000


     MAXIMUM LOG-LIKELIHOOD VALUE FOR THE UNRESTRICTED (H1) MODEL IS -9502.190


UNIVARIATE SAMPLE STATISTICS


     UNIVARIATE HIGHER-ORDER MOMENT DESCRIPTIVE STATISTICS

         Variable/         Mean/     Skewness/   Minimum/ % with                Percentiles
        Sample Size      Variance    Kurtosis    Maximum  Min/Max      20%/60%    40%/80%    Median

     A_01                  1.483       0.213       0.370    0.16%       1.120      1.360      1.470
             620.000       0.188       0.061       3.075    0.16%       1.580      1.830
     A_02                  1.497       0.200       0.350    0.19%       1.155      1.375      1.480
             513.000       0.176       0.304       3.035    0.19%       1.580      1.840
     A_03                  1.433       0.110       0.345    0.27%       1.095      1.325      1.453
             372.000       0.164       0.246       2.655    0.27%       1.530      1.715
     A_04                  1.425       0.069       0.210    0.33%       1.065      1.350      1.453
             306.000       0.160       0.194       2.710    0.33%       1.525      1.740
     A_05                  1.409       0.126       0.330    0.45%       1.100      1.340      1.385
             220.000       0.170       0.289       2.700    0.45%       1.480      1.750
     B_01                 14.104      -1.623       9.000    0.36%      13.000     14.000     14.000
             843.000       1.223       3.059      15.000   45.20%      15.000     15.000
     B_02                 14.186      -1.531       9.000    0.27%      13.000     14.000     14.000
             754.000       1.072       2.762      15.000   49.34%      15.000     15.000
     B_03                 14.174      -1.997       6.000    0.15%      14.000     14.000     14.000
             649.000       1.229       6.450      15.000   49.92%      15.000     15.000
     B_04                 14.188      -1.714       9.000    0.55%      14.000     14.000     14.000
             548.000       1.050       4.099      15.000   47.99%      15.000     15.000
     B_05                 14.253      -1.651       9.000    0.22%      14.000     14.000     15.000
             447.000       0.967       3.357      15.000   51.45%      15.000     15.000
     AGE_C70               8.334      -0.441     -16.653    0.11%       1.502      7.366      9.377
             884.000      61.305      -0.016      28.708    0.11%      11.049     14.841
     EDU_C7                7.517      -0.121      -7.000    0.11%       5.000      7.000      7.000
             884.000       9.589       1.109      18.000    0.11%       9.000     10.000
     HTM_C                -0.007      -0.266      -0.355    0.23%      -0.063     -0.025      0.000
             884.000       0.005       1.299       0.203    0.34%       0.000      0.051
     SMOKE                 0.405       0.387       0.000   59.50%       0.000      0.000      0.000
             884.000       0.241      -1.850       1.000   40.50%       1.000      1.000
     HEART                 0.119       2.357       0.000   88.12%       0.000      0.000      0.000
             884.000       0.105       3.554       1.000   11.88%       0.000      0.000
     DIABETES              0.186       1.618       0.000   81.45%       0.000      0.000      0.000
             884.000       0.151       0.618       1.000   18.55%       0.000      0.000


THE MODEL ESTIMATION TERMINATED NORMALLY



MODEL FIT INFORMATION

Number of Free Parameters                       41

Loglikelihood

          H0 Value                       -4082.695
          H0 Scaling Correction Factor      1.2958
            for MLR

Information Criteria

          Akaike (AIC)                    8247.390
          Bayesian (BIC)                  8443.553
          Sample-Size Adjusted BIC        8313.345
            (n* = (n + 2) / 24)



MODEL RESULTS

                                                    Two-Tailed
                    Estimate       S.E.  Est./S.E.    P-Value

 IA         ON
    AGE_C70           -0.022      0.002    -10.855      0.000
    EDU_C7             0.010      0.005      2.047      0.041
    HTM_C              1.900      0.221      8.613      0.000
    SMOKE             -0.084      0.030     -2.800      0.005
    HEART             -0.079      0.045     -1.740      0.082
    DIABETES          -0.013      0.039     -0.339      0.734

 SA         ON
    AGE_C70            0.000      0.000      0.439      0.660
    EDU_C7             0.000      0.001     -0.395      0.693
    HTM_C             -0.024      0.050     -0.487      0.626
    SMOKE             -0.003      0.007     -0.369      0.712
    HEART             -0.004      0.009     -0.425      0.671
    DIABETES           0.002      0.009      0.265      0.791

 IB         ON
    AGE_C70           -0.022      0.005     -4.054      0.000
    EDU_C7             0.071      0.016      4.460      0.000
    HTM_C              1.678      0.584      2.875      0.004
    SMOKE              0.053      0.081      0.654      0.513
    HEART              0.038      0.134      0.279      0.780
    DIABETES          -0.067      0.114     -0.588      0.556

 SB         ON
    AGE_C70           -0.001      0.001     -0.646      0.518
    EDU_C7             0.001      0.004      0.194      0.846
    HTM_C             -0.114      0.134     -0.855      0.392
    SMOKE             -0.004      0.020     -0.226      0.821
    HEART             -0.017      0.033     -0.501      0.616
    DIABETES           0.004      0.027      0.167      0.868

 IA       WITH
    SA                -0.003      0.002     -1.723      0.085
    IB                -0.004      0.020     -0.196      0.845
    SB                 0.002      0.004      0.408      0.683

 SA       WITH
    IB                 0.009      0.004      1.996      0.046
    SB                -0.001      0.001     -1.062      0.288

 IB       WITH
    SB                -0.035      0.022     -1.588      0.112

 A_01     WITH
    B_01               0.001      0.003      0.378      0.705

 A_02     WITH
    B_02               0.001      0.003      0.378      0.705

 A_03     WITH
    B_03               0.001      0.003      0.378      0.705

 A_04     WITH
    B_04               0.001      0.003      0.378      0.705

 A_05     WITH
    B_05               0.001      0.003      0.378      0.705

 Intercepts
    A_01               0.000      0.000    999.000    999.000
    A_02               0.000      0.000    999.000    999.000
    A_03               0.000      0.000    999.000    999.000
    A_04               0.000      0.000    999.000    999.000
    A_05               0.000      0.000    999.000    999.000
    B_01               0.000      0.000    999.000    999.000
    B_02               0.000      0.000    999.000    999.000
    B_03               0.000      0.000    999.000    999.000
    B_04               0.000      0.000    999.000    999.000
    B_05               0.000      0.000    999.000    999.000
    IA                 1.706      0.047     36.529      0.000
    SA                -0.026      0.010     -2.560      0.010
    IB                13.759      0.164     83.756      0.000
    SB                 0.001      0.036      0.027      0.979

 Residual Variances
    A_01               0.020      0.002     12.114      0.000
    A_02               0.020      0.002     12.114      0.000
    A_03               0.020      0.002     12.114      0.000
    A_04               0.020      0.002     12.114      0.000
    A_05               0.020      0.002     12.114      0.000
    B_01               0.428      0.024     18.091      0.000
    B_02               0.428      0.024     18.091      0.000
    B_03               0.428      0.024     18.091      0.000
    B_04               0.428      0.024     18.091      0.000
    B_05               0.428      0.024     18.091      0.000
    IA                 0.114      0.009     12.452      0.000
    SA                 0.001      0.001      2.165      0.030
    IB                 0.803      0.113      7.116      0.000
    SB                 0.009      0.006      1.504      0.133

New/Additional Parameters
    R_IAIB            -0.013      0.066     -0.196      0.845
    R_SASB            -0.322      0.328     -0.980      0.327
    R_RES_AB           0.013      0.034      0.379      0.705


QUALITY OF NUMERICAL RESULTS

     Condition Number for the Information Matrix              0.246E-06
       (ratio of smallest to largest eigenvalue)


CONFIDENCE INTERVALS OF MODEL RESULTS

                  Lower .5%  Lower 2.5%    Lower 5%    Estimate    Upper 5%  Upper 2.5%   Upper .5%

 IA       ON
    AGE_C70         -0.027      -0.026      -0.025      -0.022      -0.019      -0.018      -0.017
    EDU_C7          -0.002       0.000       0.002       0.010       0.017       0.019       0.022
    HTM_C            1.332       1.468       1.537       1.900       2.263       2.333       2.469
    SMOKE           -0.161      -0.143      -0.133      -0.084      -0.035      -0.025      -0.007
    HEART           -0.196      -0.168      -0.154      -0.079      -0.004       0.010       0.038
    DIABETES        -0.114      -0.090      -0.078      -0.013       0.051       0.064       0.088

 SA       ON
    AGE_C70         -0.001      -0.001      -0.001       0.000       0.001       0.001       0.001
    EDU_C7          -0.003      -0.002      -0.002       0.000       0.001       0.002       0.002
    HTM_C           -0.152      -0.122      -0.106      -0.024       0.058       0.073       0.104
    SMOKE           -0.020      -0.016      -0.014      -0.003       0.009       0.011       0.015
    HEART           -0.027      -0.022      -0.019      -0.004       0.011       0.014       0.020
    DIABETES        -0.021      -0.016      -0.013       0.002       0.018       0.021       0.026

 IB       ON
    AGE_C70         -0.036      -0.033      -0.031      -0.022      -0.013      -0.011      -0.008
    EDU_C7           0.030       0.040       0.045       0.071       0.097       0.102       0.111
    HTM_C            0.174       0.534       0.718       1.678       2.639       2.822       3.182
    SMOKE           -0.155      -0.106      -0.080       0.053       0.186       0.211       0.261
    HEART           -0.309      -0.226      -0.184       0.038       0.259       0.301       0.384
    DIABETES        -0.361      -0.290      -0.255      -0.067       0.120       0.156       0.227

 SB       ON
    AGE_C70         -0.004      -0.003      -0.003      -0.001       0.001       0.002       0.002
    EDU_C7          -0.009      -0.006      -0.005       0.001       0.007       0.008       0.010
    HTM_C           -0.459      -0.377      -0.335      -0.114       0.106       0.148       0.230
    SMOKE           -0.055      -0.043      -0.037      -0.004       0.028       0.034       0.046
    HEART           -0.102      -0.082      -0.071      -0.017       0.038       0.049       0.069
    DIABETES        -0.064      -0.048      -0.039       0.004       0.048       0.057       0.073

 IA       WITH
    SA              -0.008      -0.007      -0.006      -0.003       0.000       0.000       0.002
    IB              -0.056      -0.043      -0.037      -0.004       0.029       0.035       0.048
    SB              -0.009      -0.007      -0.005       0.002       0.009       0.010       0.013

 SA       WITH
    IB              -0.003       0.000       0.002       0.009       0.016       0.017       0.020
    SB              -0.003      -0.003      -0.003      -0.001       0.001       0.001       0.001

 IB       WITH
    SB              -0.092      -0.078      -0.071      -0.035       0.001       0.008       0.022

 A_01     WITH
    B_01            -0.007      -0.005      -0.004       0.001       0.007       0.008       0.010

 A_02     WITH
    B_02            -0.007      -0.005      -0.004       0.001       0.007       0.008       0.010

 A_03     WITH
    B_03            -0.007      -0.005      -0.004       0.001       0.007       0.008       0.010

 A_04     WITH
    B_04            -0.007      -0.005      -0.004       0.001       0.007       0.008       0.010

 A_05     WITH
    B_05            -0.007      -0.005      -0.004       0.001       0.007       0.008       0.010

 Intercepts
    A_01             0.000       0.000       0.000       0.000       0.000       0.000       0.000
    A_02             0.000       0.000       0.000       0.000       0.000       0.000       0.000
    A_03             0.000       0.000       0.000       0.000       0.000       0.000       0.000
    A_04             0.000       0.000       0.000       0.000       0.000       0.000       0.000
    A_05             0.000       0.000       0.000       0.000       0.000       0.000       0.000
    B_01             0.000       0.000       0.000       0.000       0.000       0.000       0.000
    B_02             0.000       0.000       0.000       0.000       0.000       0.000       0.000
    B_03             0.000       0.000       0.000       0.000       0.000       0.000       0.000
    B_04             0.000       0.000       0.000       0.000       0.000       0.000       0.000
    B_05             0.000       0.000       0.000       0.000       0.000       0.000       0.000
    IA               1.586       1.615       1.629       1.706       1.783       1.798       1.827
    SA              -0.052      -0.046      -0.043      -0.026      -0.009      -0.006       0.000
    IB              13.336      13.437      13.488      13.759      14.029      14.081      14.182
    SB              -0.092      -0.070      -0.058       0.001       0.060       0.072       0.094

 Residual Variances
    A_01             0.016       0.017       0.018       0.020       0.023       0.024       0.025
    A_02             0.016       0.017       0.018       0.020       0.023       0.024       0.025
    A_03             0.016       0.017       0.018       0.020       0.023       0.024       0.025
    A_04             0.016       0.017       0.018       0.020       0.023       0.024       0.025
    A_05             0.016       0.017       0.018       0.020       0.023       0.024       0.025
    B_01             0.367       0.381       0.389       0.428       0.467       0.474       0.489
    B_02             0.367       0.381       0.389       0.428       0.467       0.474       0.489
    B_03             0.367       0.381       0.389       0.428       0.467       0.474       0.489
    B_04             0.367       0.381       0.389       0.428       0.467       0.474       0.489
    B_05             0.367       0.381       0.389       0.428       0.467       0.474       0.489
    IA               0.090       0.096       0.099       0.114       0.129       0.132       0.137
    SA               0.000       0.000       0.000       0.001       0.002       0.002       0.002
    IB               0.512       0.582       0.617       0.803       0.989       1.024       1.094
    SB              -0.006      -0.003      -0.001       0.009       0.018       0.020       0.023

New/Additional Parameters
    R_IAIB          -0.184      -0.143      -0.122      -0.013       0.096       0.117       0.158
    R_SASB          -1.167      -0.965      -0.862      -0.322       0.218       0.322       0.524
    R_RES_AB        -0.076      -0.054      -0.044       0.013       0.070       0.080       0.102


SAMPLE STATISTICS FOR ESTIMATED FACTOR SCORES


     SAMPLE STATISTICS


           Means
              IA            IA_SE         SA            SA_SE         IB
              ________      ________      ________      ________      ________
 1              1.536         0.143        -0.029         0.031        14.106


           Means
              IB_SE         SB            SB_SE
              ________      ________      ________
 1              0.417        -0.003         0.086


           Covariances
              IA            IA_SE         SA            SA_SE         IB
              ________      ________      ________      ________      ________
 IA             0.148
 IA_SE          0.000         0.005
 SA            -0.002         0.000         0.000
 SA_SE          0.000         0.000         0.000         0.000
 IB             0.066        -0.007         0.005         0.000         0.737
 IB_SE         -0.003         0.002         0.000         0.000        -0.012
 SB             0.001         0.000         0.000         0.000        -0.014
 SB_SE          0.000         0.000         0.000         0.000         0.000


           Covariances
              IB_SE         SB            SB_SE
              ________      ________      ________
 IB_SE          0.005
 SB             0.000         0.001
 SB_SE          0.000         0.000         0.000


           Correlations
              IA            IA_SE         SA            SA_SE         IB
              ________      ________      ________      ________      ________
 IA             1.000
 IA_SE          0.015         1.000
 SA            -0.286        -0.087         1.000
 SA_SE          0.006         0.497         0.003         1.000
 IB             0.200        -0.121         0.422        -0.069         1.000
 IB_SE         -0.124         0.384        -0.027         0.434        -0.185
 SB             0.042         0.099        -0.545         0.018        -0.457
 SB_SE         -0.107         0.383        -0.036         0.653        -0.203


           Correlations
              IB_SE         SB            SB_SE
              ________      ________      ________
 IB_SE          1.000
 SB             0.063         1.000
 SB_SE          0.675         0.060         1.000


RESULTS SAVING INFORMATION

  Order of data

    Parameter estimates
     (saved in order shown in Technical 1 output)
    Standard errors
     (saved in order shown in Technical 1 output)
    H0 Loglikelihood
    H0 Scaling Correction Factor for MLR
    Number of Free Parameters
    Akaike (AIC)
    Bayesian (BIC)
    Sample-Size Adjusted BIC
    Condition Number

  Save file
    b1_female_aehplus_fev_bnt_results.dat

  Save file format           Free


PLOT INFORMATION

The following plots are available:

  Histograms (sample values, estimated factor scores)
  Scatterplots (sample values, estimated factor scores)
  Latent variable distribution plots

SAVEDATA INFORMATION


  Save file
    b1_female_aehplus_fev_bnt_fscores.dat

  Order and format of variables

    A_01           F10.3
    A_02           F10.3
    A_03           F10.3
    A_04           F10.3
    A_05           F10.3
    B_01           F10.3
    B_02           F10.3
    B_03           F10.3
    B_04           F10.3
    B_05           F10.3
    AGE_C70        F10.3
    EDU_C7         F10.3
    HTM_C          F10.3
    SMOKE          F10.3
    HEART          F10.3
    DIABETES       F10.3
    TIME_01        F10.3
    TIME_02        F10.3
    TIME_03        F10.3
    TIME_04        F10.3
    TIME_05        F10.3
    IA             F10.3
    IA_SE          F10.3
    SA             F10.3
    SA_SE          F10.3
    IB             F10.3
    IB_SE          F10.3
    SB             F10.3
    SB_SE          F10.3

  Save file format
    29F10.3

  Save file record length    10000


     Beginning Time:  22:29:33
        Ending Time:  22:29:39
       Elapsed Time:  00:00:06



MUTHEN & MUTHEN
3463 Stoner Ave.
Los Angeles, CA  90066

Tel: (310) 391-9971
Fax: (310) 391-8971
Web: www.StatModel.com
Support: Support@StatModel.com

Copyright (c) 1998-2015 Muthen & Muthen
