Mplus VERSION 7.4 (Mac)
MUTHEN & MUTHEN
11/30/2016  10:09 PM

INPUT INSTRUCTIONS

  TITLE:
  Script produced from the prototype in ./sandbox/syntax-creator/
  DATA:
  File = wide-dataset.dat ;
  VARIABLE:
  NAMES are
   id male age_c70 edu_c7 htm_c smoke heart diabetes dementia_ever bnt_00 bnt_01
      bnt_02 bnt_03 bnt_04 bnt_05 bnt_06 bnt_07 bnt_08 bnt_09 bnt_10 bnt_11 bnt_12
      bnt_13 bnt_14 bnt_15 bnt_16 bnt_17 bnt_18 bostordel_00 bostordel_01 bostordel_02
      bostordel_03 bostordel_04 bostordel_05 bostordel_06 bostordel_07 bostordel_08
      bostordel_09 bostordel_10 bostordel_11 bostordel_12 bostordel_13 bostordel_14
      bostordel_15 bostordel_16 bostordel_17 bostordel_18 bostorim_00 bostorim_01
      bostorim_02 bostorim_03 bostorim_04 bostorim_05 bostorim_06 bostorim_07
      bostorim_08 bostorim_09 bostorim_10 bostorim_11 bostorim_12 bostorim_13
      bostorim_14 bostorim_15 bostorim_16 bostorim_17 bostorim_18 catfluency_00
      catfluency_01 catfluency_02 catfluency_03 catfluency_04 catfluency_05
      catfluency_06 catfluency_07 catfluency_08 catfluency_09 catfluency_10
      catfluency_11 catfluency_12 catfluency_13 catfluency_14 catfluency_15
      catfluency_16 catfluency_17 catfluency_18 complexideas_00 complexideas_01
      complexideas_02 complexideas_03 complexideas_04 complexideas_05 complexideas_06
      complexideas_07 complexideas_08 complexideas_09 complexideas_10 complexideas_11
      complexideas_12 complexideas_13 complexideas_14 complexideas_15 complexideas_16
      complexideas_17 complexideas_18 digitbackward_00 digitbackward_01
      digitbackward_02 digitbackward_03 digitbackward_04 digitbackward_05
      digitbackward_06 digitbackward_07 digitbackward_08 digitbackward_09
      digitbackward_10 digitbackward_11 digitbackward_12 digitbackward_13
      digitbackward_14 digitbackward_15 digitbackward_16 digitbackward_17
      digitbackward_18 digitforward_00 digitforward_01 digitforward_02 digitforward_03
      digitforward_04 digitforward_05 digitforward_06 digitforward_07 digitforward_08
      digitforward_09 digitforward_10 digitforward_11 digitforward_12 digitforward_13
      digitforward_14 digitforward_15 digitforward_16 digitforward_17 digitforward_18
      digitorder_00 digitorder_01 digitorder_02 digitorder_03 digitorder_04
      digitorder_05 digitorder_06 digitorder_07 digitorder_08 digitorder_09
      digitorder_10 digitorder_11 digitorder_12 digitorder_13 digitorder_14
      digitorder_15 digitorder_16 digitorder_17 digitorder_18 fev_00 fev_01 fev_02
      fev_03 fev_04 fev_05 fev_06 fev_07 fev_08 fev_09 fev_10 fev_11 fev_12 fev_13
      fev_14 fev_15 fev_16 fev_17 fev_18 gait_00 gait_01 gait_02 gait_03 gait_04
      gait_05 gait_06 gait_07 gait_08 gait_09 gait_10 gait_11 gait_12 gait_13 gait_14
      gait_15 gait_16 gait_17 gait_18 grip_00 grip_01 grip_02 grip_03 grip_04 grip_05
      grip_06 grip_07 grip_08 grip_09 grip_10 grip_11 grip_12 grip_13 grip_14 grip_15
      grip_16 grip_17 grip_18 lineorientation_00 lineorientation_01 lineorientation_02
      lineorientation_03 lineorientation_04 lineorientation_05 lineorientation_06
      lineorientation_07 lineorientation_08 lineorientation_09 lineorientation_10
      lineorientation_11 lineorientation_12 lineorientation_13 lineorientation_14
      lineorientation_15 lineorientation_16 lineorientation_17 lineorientation_18
      logimemdel_00 logimemdel_01 logimemdel_02 logimemdel_03 logimemdel_04
      logimemdel_05 logimemdel_06 logimemdel_07 logimemdel_08 logimemdel_09
      logimemdel_10 logimemdel_11 logimemdel_12 logimemdel_13 logimemdel_14
      logimemdel_15 logimemdel_16 logimemdel_17 logimemdel_18 logimemim_00
      logimemim_01 logimemim_02 logimemim_03 logimemim_04 logimemim_05 logimemim_06
      logimemim_07 logimemim_08 logimemim_09 logimemim_10 logimemim_11 logimemim_12
      logimemim_13 logimemim_14 logimemim_15 logimemim_16 logimemim_17 logimemim_18
      matrices_00 matrices_01 matrices_02 matrices_03 matrices_04 matrices_05
      matrices_06 matrices_07 matrices_08 matrices_09 matrices_10 matrices_11
      matrices_12 matrices_13 matrices_14 matrices_15 matrices_16 matrices_17
      matrices_18 mmse_00 mmse_01 mmse_02 mmse_03 mmse_04 mmse_05 mmse_06 mmse_07
      mmse_08 mmse_09 mmse_10 mmse_11 mmse_12 mmse_13 mmse_14 mmse_15 mmse_16 mmse_17
      mmse_18 nart_00 nart_01 nart_02 nart_03 nart_04 nart_05 nart_06 nart_07 nart_08
      nart_09 nart_10 nart_11 nart_12 nart_13 nart_14 nart_15 nart_16 nart_17 nart_18
      numbercomparison_00 numbercomparison_01 numbercomparison_02 numbercomparison_03
      numbercomparison_04 numbercomparison_05 numbercomparison_06 numbercomparison_07
      numbercomparison_08 numbercomparison_09 numbercomparison_10 numbercomparison_11
      numbercomparison_12 numbercomparison_13 numbercomparison_14 numbercomparison_15
      numbercomparison_16 numbercomparison_17 numbercomparison_18 symbol_00
      symbol_01 symbol_02 symbol_03 symbol_04 symbol_05 symbol_06 symbol_07 symbol_08
      symbol_09 symbol_10 symbol_11 symbol_12 symbol_13 symbol_14 symbol_15 symbol_16
      symbol_17 symbol_18 wordlistdel_00 wordlistdel_01 wordlistdel_02 wordlistdel_03
      wordlistdel_04 wordlistdel_05 wordlistdel_06 wordlistdel_07 wordlistdel_08
      wordlistdel_09 wordlistdel_10 wordlistdel_11 wordlistdel_12 wordlistdel_13
      wordlistdel_14 wordlistdel_15 wordlistdel_16 wordlistdel_17 wordlistdel_18
      wordlistim_00 wordlistim_01 wordlistim_02 wordlistim_03 wordlistim_04
      wordlistim_05 wordlistim_06 wordlistim_07 wordlistim_08 wordlistim_09
      wordlistim_10 wordlistim_11 wordlistim_12 wordlistim_13 wordlistim_14
      wordlistim_15 wordlistim_16 wordlistim_17 wordlistim_18 wordlistrecog_00
      wordlistrecog_01 wordlistrecog_02 wordlistrecog_03 wordlistrecog_04
      wordlistrecog_05 wordlistrecog_06 wordlistrecog_07 wordlistrecog_08
      wordlistrecog_09 wordlistrecog_10 wordlistrecog_11 wordlistrecog_12
      wordlistrecog_13 wordlistrecog_14 wordlistrecog_15 wordlistrecog_16
      wordlistrecog_17 wordlistrecog_18 years_since_bl_00 years_since_bl_01
      years_since_bl_02 years_since_bl_03 years_since_bl_04 years_since_bl_05
      years_since_bl_06 years_since_bl_07 years_since_bl_08 years_since_bl_09
      years_since_bl_10 years_since_bl_11 years_since_bl_12 years_since_bl_13
      years_since_bl_14 years_since_bl_15 years_since_bl_16 years_since_bl_17
      years_since_bl_18
  	;
  Missing are all (-9999);
  USEVARIABLES are
  	!define the variables used in the analysis
  	! covariates used in the model
  age_c70
  edu_c7
  htm_c
  smoke
  heart
  diabetes	
  	!estimated time points
  time_01
  time_02
  time_03
  time_04
  time_05
  	!modelled time points of process (A)
  a_01
  a_02
  a_03
  a_04
  a_05
  	!modelled time points of process (B)
  b_01
  b_02
  b_03
  b_04
  b_05
  ;
  TSCORES are
  	!estimated time points
  time_01
  time_02
  time_03
  time_04
  time_05;
  USEOBSERVATIONS are
  	!select a subset of observations
  male EQ 1
  and
  dementia_ever NE 1
  ;
  DEFINE:
  	! assign variables to the process (A)
  a_01=fev_01;
  a_02=fev_02;
  a_03=fev_03;
  a_04=fev_04;
  a_05=fev_05;
  	! assign variables to the process (B)
  b_01=bnt_01;
  b_02=bnt_02;
  b_03=bnt_03;
  b_04=bnt_04;
  b_05=bnt_05;
  	!assign variables to time points
  time_01=years_since_bl_01;
  time_02=years_since_bl_02;
  time_03=years_since_bl_03;
  time_04=years_since_bl_04;
  time_05=years_since_bl_05;
  	
  ANALYSIS:
  TYPE = RANDOM;
  COVERAGE=.00;
  MODEL:
  	!first-level equation
  	! assign process (A) to time points
  ia sa | a_01 AT time_01 ;
  ia sa | a_02 AT time_02 ;
  ia sa | a_03 AT time_03 ;
  ia sa | a_04 AT time_04 ;
  ia sa | a_05 AT time_05 ;
  	! assign process (B) to time points
  ib sb | b_01 AT time_01 ;
  ib sb | b_02 AT time_02 ;
  ib sb | b_03 AT time_03 ;
  ib sb | b_04 AT time_04 ;
  ib sb | b_05 AT time_05 ;
  	!variance of the first-level terms
  ia (v_ia);
  sa (v_sa);
  ib (v_ib);
  sb (v_sb);
  	!covariance among first-level terms
  ia WITH sa (c_iasa);
  ia WITH ib (c_iaib);
  ia WITH sb (c_iasb);
  sa WITH ib (c_saib);
  sa WITH sb (c_sasb);
  ib WITH sb (c_ibsb);
  	!second-level equation
  ia sa ib sb ON age_c70
  edu_c7
  htm_c
  smoke
  heart
  diabetes;
  	!residual covariance of process (A)
  a_01 (res_a);
  a_02 (res_a);
  a_03 (res_a);
  a_04 (res_a);
  a_05 (res_a);	
  	!residual covariance of process (B)
  b_01 (res_b);
  b_02 (res_b);
  b_03 (res_b);
  b_04 (res_b);
  b_05 (res_b);	
  	!Paired covariances constrained to be equal across t
  a_01 pwith b_01 (res_cov);
  a_02 pwith b_02 (res_cov);
  a_03 pwith b_03 (res_cov);
  a_04 pwith b_04 (res_cov);
  a_05 pwith b_05 (res_cov);	
  MODEL CONSTRAINT:
  	!assigns labels to new parameters;
  NEW r_iaib;
  NEW r_sasb;
  NEW r_res_ab;
  	!compute confidence intervals for correlation coefficients;
  r_iaib = c_iaib/((v_ia**0.5)*(v_ib**0.5));
  r_sasb = c_sasb/((v_sa**0.5)*(v_sb**0.5));
  r_res_ab = res_cov/((res_a**0.5)*(res_b**0.5));
  SAVEDATA:
  FILE is   b1_male_aehplus_fev_bnt_fscores.dat;
  SAVE = FSCORES;
  RESULTS are   b1_male_aehplus_fev_bnt_results.dat;
  	
  OUTPUT: sampstat cinterval;
  PLOT: Type is Plot1 Plot2 Plot3;



*** WARNING
  Data set contains cases with missing on x-variables.
  These cases were not included in the analysis.
  Number of cases with missing on x-variables:  28
*** WARNING
  Data set contains cases with missing on all variables except
  x-variables.  These cases were not included in the analysis.
  Number of cases with missing on all variables except x-variables:  36
   2 WARNING(S) FOUND IN THE INPUT INSTRUCTIONS




Script produced from the prototype in ./sandbox/syntax-creator/

SUMMARY OF ANALYSIS

Number of groups                                                 1
Number of observations                                         276

Number of dependent variables                                   10
Number of independent variables                                  6
Number of continuous latent variables                            4

Observed dependent variables

  Continuous
   A_01        A_02        A_03        A_04        A_05        B_01
   B_02        B_03        B_04        B_05

Observed independent variables
   AGE_C70     EDU_C7      HTM_C       SMOKE       HEART       DIABETES

Continuous latent variables
   IA          SA          IB          SB

Variables with special functions

  Time scores
   TIME_01     TIME_02     TIME_03     TIME_04     TIME_05


Estimator                                                      MLR
Information matrix                                        OBSERVED
Maximum number of iterations                                   100
Convergence criterion                                    0.100D-05
Maximum number of EM iterations                                500
Convergence criteria for the EM algorithm
  Loglikelihood change                                   0.100D-02
  Relative loglikelihood change                          0.100D-05
  Derivative                                             0.100D-03
Minimum variance                                         0.100D-03
Maximum number of steepest descent iterations                   20
Maximum number of iterations for H1                           2000
Convergence criterion for H1                             0.100D-03
Optimization algorithm                                         EMA

Input data file(s)
  wide-dataset.dat
Input data format  FREE


SUMMARY OF DATA

     Number of missing data patterns            65


COVARIANCE COVERAGE OF DATA

Minimum covariance coverage value   0.000


     PROPORTION OF DATA PRESENT


           Covariance Coverage
              A_01          A_02          A_03          A_04          A_05
              ________      ________      ________      ________      ________
 A_01           0.699
 A_02           0.525         0.583
 A_03           0.402         0.417         0.464
 A_04           0.243         0.254         0.257         0.355
 A_05           0.138         0.134         0.127         0.178         0.232
 B_01           0.692         0.580         0.453         0.344         0.228
 B_02           0.638         0.583         0.457         0.348         0.232
 B_03           0.554         0.543         0.460         0.341         0.221
 B_04           0.478         0.467         0.420         0.351         0.228
 B_05           0.351         0.355         0.312         0.301         0.232
 AGE_C70        0.699         0.583         0.464         0.355         0.232
 EDU_C7         0.699         0.583         0.464         0.355         0.232
 HTM_C          0.699         0.583         0.464         0.355         0.232
 SMOKE          0.699         0.583         0.464         0.355         0.232
 HEART          0.699         0.583         0.464         0.355         0.232
 DIABETES       0.699         0.583         0.464         0.355         0.232


           Covariance Coverage
              B_01          B_02          B_03          B_04          B_05
              ________      ________      ________      ________      ________
 B_01           0.975
 B_02           0.837         0.851
 B_03           0.717         0.714         0.736
 B_04           0.616         0.616         0.609         0.630
 B_05           0.475         0.486         0.478         0.478         0.493
 AGE_C70        0.975         0.851         0.736         0.630         0.493
 EDU_C7         0.975         0.851         0.736         0.630         0.493
 HTM_C          0.975         0.851         0.736         0.630         0.493
 SMOKE          0.975         0.851         0.736         0.630         0.493
 HEART          0.975         0.851         0.736         0.630         0.493
 DIABETES       0.975         0.851         0.736         0.630         0.493


           Covariance Coverage
              AGE_C70       EDU_C7        HTM_C         SMOKE         HEART
              ________      ________      ________      ________      ________
 AGE_C70        1.000
 EDU_C7         1.000         1.000
 HTM_C          1.000         1.000         1.000
 SMOKE          1.000         1.000         1.000         1.000
 HEART          1.000         1.000         1.000         1.000         1.000
 DIABETES       1.000         1.000         1.000         1.000         1.000


           Covariance Coverage
              DIABETES
              ________
 DIABETES       1.000


SAMPLE STATISTICS


     ESTIMATED SAMPLE STATISTICS


           Means
              A_01          A_02          A_03          A_04          A_05
              ________      ________      ________      ________      ________
 1              2.170         2.063         2.057         2.070         2.051


           Means
              B_01          B_02          B_03          B_04          B_05
              ________      ________      ________      ________      ________
 1             14.238        14.292        14.359        14.241        14.184


           Means
              AGE_C70       EDU_C7        HTM_C         SMOKE         HEART
              ________      ________      ________      ________      ________
 1              9.160         8.609         0.020         0.493         0.239


           Means
              DIABETES
              ________
 1              0.254


           Covariances
              A_01          A_02          A_03          A_04          A_05
              ________      ________      ________      ________      ________
 A_01           0.318
 A_02           0.304         0.396
 A_03           0.296         0.326         0.373
 A_04           0.288         0.306         0.317         0.323
 A_05           0.319         0.309         0.317         0.324         0.419
 B_01           0.090         0.064         0.084         0.085         0.056
 B_02           0.113         0.082         0.088         0.072         0.075
 B_03           0.072         0.078         0.053         0.076         0.022
 B_04           0.062         0.041         0.012         0.012         0.003
 B_05           0.057         0.064         0.081         0.075         0.119
 AGE_C70       -1.022        -1.156        -1.550        -1.305        -1.651
 EDU_C7         0.379         0.480         0.280         0.441         0.563
 HTM_C          0.014         0.015         0.017         0.013         0.017
 SMOKE         -0.029         0.011        -0.001         0.016        -0.012
 HEART         -0.040        -0.033        -0.052        -0.042        -0.040
 DIABETES      -0.020        -0.029        -0.019        -0.028        -0.026


           Covariances
              B_01          B_02          B_03          B_04          B_05
              ________      ________      ________      ________      ________
 B_01           0.966
 B_02           0.534         0.856
 B_03           0.496         0.512         0.746
 B_04           0.597         0.547         0.541         1.107
 B_05           0.556         0.533         0.455         0.555         0.804
 AGE_C70       -1.166        -1.497        -1.034        -0.460        -2.016
 EDU_C7         0.367         0.478         0.448         0.320         0.220
 HTM_C          0.019         0.021         0.008         0.018         0.020
 SMOKE          0.064        -0.003         0.031         0.026         0.038
 HEART          0.002        -0.019        -0.014        -0.014        -0.006
 DIABETES       0.016        -0.002        -0.022         0.027         0.000


           Covariances
              AGE_C70       EDU_C7        HTM_C         SMOKE         HEART
              ________      ________      ________      ________      ________
 AGE_C70       48.901
 EDU_C7         0.901        12.253
 HTM_C         -0.031         0.068         0.006
 SMOKE         -0.566        -0.177         0.001         0.250
 HEART          0.140        -0.088        -0.001         0.031         0.182
 DIABETES      -0.212        -0.140         0.001         0.009        -0.003


           Covariances
              DIABETES
              ________
 DIABETES       0.189


           Correlations
              A_01          A_02          A_03          A_04          A_05
              ________      ________      ________      ________      ________
 A_01           1.000
 A_02           0.857         1.000
 A_03           0.858         0.847         1.000
 A_04           0.897         0.854         0.913         1.000
 A_05           0.873         0.759         0.801         0.880         1.000
 B_01           0.162         0.103         0.140         0.152         0.087
 B_02           0.217         0.140         0.156         0.137         0.125
 B_03           0.147         0.144         0.101         0.154         0.040
 B_04           0.104         0.062         0.019         0.020         0.004
 B_05           0.113         0.114         0.148         0.146         0.205
 AGE_C70       -0.259        -0.263        -0.363        -0.328        -0.365
 EDU_C7         0.192         0.218         0.131         0.222         0.248
 HTM_C          0.315         0.304         0.355         0.307         0.340
 SMOKE         -0.104         0.034        -0.005         0.058        -0.039
 HEART         -0.167        -0.121        -0.201        -0.172        -0.145
 DIABETES      -0.083        -0.105        -0.071        -0.114        -0.091


           Correlations
              B_01          B_02          B_03          B_04          B_05
              ________      ________      ________      ________      ________
 B_01           1.000
 B_02           0.587         1.000
 B_03           0.584         0.641         1.000
 B_04           0.578         0.562         0.595         1.000
 B_05           0.631         0.642         0.587         0.588         1.000
 AGE_C70       -0.170        -0.231        -0.171        -0.063        -0.321
 EDU_C7         0.107         0.148         0.148         0.087         0.070
 HTM_C          0.258         0.298         0.120         0.225         0.286
 SMOKE          0.130        -0.007         0.071         0.050         0.085
 HEART          0.006        -0.049        -0.038        -0.031        -0.016
 DIABETES       0.038        -0.005        -0.059         0.059         0.000


           Correlations
              AGE_C70       EDU_C7        HTM_C         SMOKE         HEART
              ________      ________      ________      ________      ________
 AGE_C70        1.000
 EDU_C7         0.037         1.000
 HTM_C         -0.058         0.252         1.000
 SMOKE         -0.162        -0.101         0.037         1.000
 HEART          0.047        -0.059        -0.040         0.144         1.000
 DIABETES      -0.070        -0.092         0.023         0.042        -0.014


           Correlations
              DIABETES
              ________
 DIABETES       1.000


     MAXIMUM LOG-LIKELIHOOD VALUE FOR THE UNRESTRICTED (H1) MODEL IS -3161.485


UNIVARIATE SAMPLE STATISTICS


     UNIVARIATE HIGHER-ORDER MOMENT DESCRIPTIVE STATISTICS

         Variable/         Mean/     Skewness/   Minimum/ % with                Percentiles
        Sample Size      Variance    Kurtosis    Maximum  Min/Max      20%/60%    40%/80%    Median

     A_01                  2.175      -0.142       0.735    0.52%       1.695      2.045      2.180
             193.000       0.313      -0.494       3.605    0.52%       2.335      2.680
     A_02                  2.100      -0.132       0.585    0.62%       1.625      1.920      2.115
             161.000       0.390      -0.473       3.630    0.62%       2.295      2.705
     A_03                  2.062      -0.108       0.785    0.78%       1.555      1.960      2.072
             128.000       0.326      -0.389       3.490    0.78%       2.210      2.490
     A_04                  2.069      -0.032       0.865    1.02%       1.510      1.940      2.093
              98.000       0.289      -0.519       3.285    1.02%       2.215      2.515
     A_05                  2.032       0.075       0.585    1.56%       1.420      1.865      2.103
              64.000       0.432      -0.333       3.625    1.56%       2.220      2.510
     B_01                 14.234      -2.380       7.000    0.37%      14.000     14.000     14.000
             269.000       0.967      11.216      15.000   47.96%      15.000     15.000
     B_02                 14.315      -1.508      10.000    0.43%      14.000     14.000     15.000
             235.000       0.829       2.607      15.000   54.04%      15.000     15.000
     B_03                 14.384      -1.694      10.000    0.49%      14.000     14.000     15.000
             203.000       0.719       3.899      15.000   56.16%      15.000     15.000
     B_04                 14.293      -2.199       9.000    0.57%      14.000     14.000     15.000
             174.000       1.069       6.348      15.000   54.60%      15.000     15.000
     B_05                 14.294      -1.175      11.000    0.74%      14.000     14.000     14.500
             136.000       0.722       1.136      15.000   50.00%      15.000     15.000
     AGE_C70               9.160      -0.408     -11.032    0.36%       3.355      8.204     10.097
             276.000      48.901       0.038      28.508    0.36%      11.637     14.868
     EDU_C7                8.609      -0.248      -7.000    0.36%       5.000      8.000      9.000
             276.000      12.253       2.488      21.000    0.72%       9.000     11.000
     HTM_C                 0.020      -0.654      -0.298    0.36%      -0.044      0.007      0.033
             276.000       0.006       0.996       0.185    0.72%       0.045      0.083
     SMOKE                 0.493       0.029       0.000   50.72%       0.000      0.000      0.000
             276.000       0.250      -1.999       1.000   49.28%       1.000      1.000
     HEART                 0.239       1.223       0.000   76.09%       0.000      0.000      0.000
             276.000       0.182      -0.504       1.000   23.91%       0.000      1.000
     DIABETES              0.254       1.133       0.000   74.64%       0.000      0.000      0.000
             276.000       0.189      -0.717       1.000   25.36%       0.000      1.000


THE MODEL ESTIMATION TERMINATED NORMALLY



MODEL FIT INFORMATION

Number of Free Parameters                       41

Loglikelihood

          H0 Value                       -1397.037
          H0 Scaling Correction Factor      1.2677
            for MLR

Information Criteria

          Akaike (AIC)                    2876.075
          Bayesian (BIC)                  3024.511
          Sample-Size Adjusted BIC        2894.507
            (n* = (n + 2) / 24)



MODEL RESULTS

                                                    Two-Tailed
                    Estimate       S.E.  Est./S.E.    P-Value

 IA         ON
    AGE_C70           -0.019      0.005     -3.514      0.000
    EDU_C7             0.014      0.012      1.216      0.224
    HTM_C              1.943      0.487      3.992      0.000
    SMOKE             -0.116      0.077     -1.516      0.129
    HEART             -0.155      0.086     -1.803      0.071
    DIABETES          -0.157      0.097     -1.619      0.105

 SA         ON
    AGE_C70           -0.003      0.002     -2.058      0.040
    EDU_C7             0.002      0.003      0.744      0.457
    HTM_C              0.099      0.136      0.727      0.467
    SMOKE              0.026      0.016      1.558      0.119
    HEART             -0.006      0.017     -0.369      0.712
    DIABETES           0.007      0.019      0.364      0.716

 IB         ON
    AGE_C70           -0.022      0.012     -1.832      0.067
    EDU_C7             0.028      0.017      1.722      0.085
    HTM_C              3.047      1.452      2.099      0.036
    SMOKE              0.120      0.127      0.942      0.346
    HEART              0.029      0.150      0.193      0.847
    DIABETES           0.019      0.129      0.145      0.885

 SB         ON
    AGE_C70            0.000      0.002     -0.084      0.933
    EDU_C7            -0.003      0.005     -0.760      0.447
    HTM_C             -0.169      0.254     -0.665      0.506
    SMOKE             -0.011      0.029     -0.385      0.701
    HEART             -0.016      0.034     -0.474      0.635
    DIABETES          -0.007      0.033     -0.201      0.840

 IA       WITH
    SA                -0.001      0.006     -0.252      0.801
    IB                 0.046      0.040      1.126      0.260
    SB                -0.009      0.010     -0.898      0.369

 SA       WITH
    IB                -0.010      0.012     -0.799      0.424
    SB                 0.000      0.002      0.200      0.842

 IB       WITH
    SB                -0.007      0.026     -0.280      0.779

 A_01     WITH
    B_01              -0.006      0.007     -0.909      0.364

 A_02     WITH
    B_02              -0.006      0.007     -0.909      0.364

 A_03     WITH
    B_03              -0.006      0.007     -0.909      0.364

 A_04     WITH
    B_04              -0.006      0.007     -0.909      0.364

 A_05     WITH
    B_05              -0.006      0.007     -0.909      0.364

 Intercepts
    A_01               0.000      0.000    999.000    999.000
    A_02               0.000      0.000    999.000    999.000
    A_03               0.000      0.000    999.000    999.000
    A_04               0.000      0.000    999.000    999.000
    A_05               0.000      0.000    999.000    999.000
    B_01               0.000      0.000    999.000    999.000
    B_02               0.000      0.000    999.000    999.000
    B_03               0.000      0.000    999.000    999.000
    B_04               0.000      0.000    999.000    999.000
    B_05               0.000      0.000    999.000    999.000
    IA                 2.335      0.140     16.697      0.000
    SA                -0.040      0.033     -1.241      0.215
    IB                14.104      0.234     60.216      0.000
    SB                 0.041      0.053      0.763      0.445

 Residual Variances
    A_01               0.049      0.007      7.465      0.000
    A_02               0.049      0.007      7.465      0.000
    A_03               0.049      0.007      7.465      0.000
    A_04               0.049      0.007      7.465      0.000
    A_05               0.049      0.007      7.465      0.000
    B_01               0.362      0.038      9.427      0.000
    B_02               0.362      0.038      9.427      0.000
    B_03               0.362      0.038      9.427      0.000
    B_04               0.362      0.038      9.427      0.000
    B_05               0.362      0.038      9.427      0.000
    IA                 0.225      0.030      7.489      0.000
    SA                 0.001      0.001      0.372      0.710
    IB                 0.482      0.163      2.957      0.003
    SB                 0.002      0.006      0.314      0.754

New/Additional Parameters
    R_IAIB             0.138      0.126      1.098      0.272
    R_SASB             0.461      2.747      0.168      0.867
    R_RES_AB          -0.047      0.052     -0.895      0.371


QUALITY OF NUMERICAL RESULTS

     Condition Number for the Information Matrix              0.376E-05
       (ratio of smallest to largest eigenvalue)


CONFIDENCE INTERVALS OF MODEL RESULTS

                  Lower .5%  Lower 2.5%    Lower 5%    Estimate    Upper 5%  Upper 2.5%   Upper .5%

 IA       ON
    AGE_C70         -0.032      -0.029      -0.027      -0.019      -0.010      -0.008      -0.005
    EDU_C7          -0.016      -0.009      -0.005       0.014       0.034       0.037       0.044
    HTM_C            0.690       0.989       1.143       1.943       2.744       2.897       3.197
    SMOKE           -0.314      -0.267      -0.243      -0.116       0.010       0.034       0.081
    HEART           -0.377      -0.324      -0.297      -0.155      -0.014       0.014       0.067
    DIABETES        -0.406      -0.346      -0.316      -0.157       0.002       0.033       0.093

 SA       ON
    AGE_C70         -0.007      -0.006      -0.006      -0.003      -0.001       0.000       0.001
    EDU_C7          -0.005      -0.003      -0.002       0.002       0.006       0.007       0.009
    HTM_C           -0.251      -0.168      -0.125       0.099       0.323       0.366       0.449
    SMOKE           -0.017      -0.007      -0.001       0.026       0.053       0.058       0.068
    HEART           -0.051      -0.041      -0.035      -0.006       0.022       0.028       0.038
    DIABETES        -0.041      -0.030      -0.024       0.007       0.038       0.044       0.055

 IB       ON
    AGE_C70         -0.052      -0.045      -0.041      -0.022      -0.002       0.002       0.009
    EDU_C7          -0.014      -0.004       0.001       0.028       0.056       0.061       0.071
    HTM_C           -0.693       0.201       0.659       3.047       5.435       5.893       6.787
    SMOKE           -0.208      -0.130      -0.090       0.120       0.330       0.370       0.448
    HEART           -0.358      -0.265      -0.218       0.029       0.276       0.323       0.416
    DIABETES        -0.314      -0.234      -0.194       0.019       0.231       0.272       0.351

 SB       ON
    AGE_C70         -0.006      -0.004      -0.004       0.000       0.003       0.004       0.005
    EDU_C7          -0.015      -0.012      -0.011      -0.003       0.004       0.005       0.008
    HTM_C           -0.823      -0.666      -0.586      -0.169       0.249       0.329       0.485
    SMOKE           -0.087      -0.069      -0.059      -0.011       0.037       0.046       0.064
    HEART           -0.105      -0.084      -0.073      -0.016       0.040       0.051       0.072
    DIABETES        -0.092      -0.072      -0.061      -0.007       0.048       0.058       0.079

 IA       WITH
    SA              -0.016      -0.012      -0.011      -0.001       0.008       0.010       0.013
    IB              -0.059      -0.034      -0.021       0.046       0.112       0.125       0.150
    SB              -0.033      -0.027      -0.024      -0.009       0.007       0.010       0.016

 SA       WITH
    IB              -0.041      -0.033      -0.029      -0.010       0.010       0.014       0.021
    SB              -0.006      -0.004      -0.003       0.000       0.004       0.005       0.007

 IB       WITH
    SB              -0.075      -0.059      -0.051      -0.007       0.036       0.044       0.061

 A_01     WITH
    B_01            -0.024      -0.020      -0.017      -0.006       0.005       0.007       0.011

 A_02     WITH
    B_02            -0.024      -0.020      -0.017      -0.006       0.005       0.007       0.011

 A_03     WITH
    B_03            -0.024      -0.020      -0.017      -0.006       0.005       0.007       0.011

 A_04     WITH
    B_04            -0.024      -0.020      -0.017      -0.006       0.005       0.007       0.011

 A_05     WITH
    B_05            -0.024      -0.020      -0.017      -0.006       0.005       0.007       0.011

 Intercepts
    A_01             0.000       0.000       0.000       0.000       0.000       0.000       0.000
    A_02             0.000       0.000       0.000       0.000       0.000       0.000       0.000
    A_03             0.000       0.000       0.000       0.000       0.000       0.000       0.000
    A_04             0.000       0.000       0.000       0.000       0.000       0.000       0.000
    A_05             0.000       0.000       0.000       0.000       0.000       0.000       0.000
    B_01             0.000       0.000       0.000       0.000       0.000       0.000       0.000
    B_02             0.000       0.000       0.000       0.000       0.000       0.000       0.000
    B_03             0.000       0.000       0.000       0.000       0.000       0.000       0.000
    B_04             0.000       0.000       0.000       0.000       0.000       0.000       0.000
    B_05             0.000       0.000       0.000       0.000       0.000       0.000       0.000
    IA               1.974       2.061       2.105       2.335       2.565       2.609       2.695
    SA              -0.124      -0.104      -0.094      -0.040       0.013       0.023       0.043
    IB              13.501      13.645      13.719      14.104      14.489      14.563      14.707
    SB              -0.096      -0.064      -0.047       0.041       0.128       0.145       0.178

 Residual Variances
    A_01             0.032       0.036       0.038       0.049       0.059       0.061       0.065
    A_02             0.032       0.036       0.038       0.049       0.059       0.061       0.065
    A_03             0.032       0.036       0.038       0.049       0.059       0.061       0.065
    A_04             0.032       0.036       0.038       0.049       0.059       0.061       0.065
    A_05             0.032       0.036       0.038       0.049       0.059       0.061       0.065
    B_01             0.263       0.286       0.299       0.362       0.425       0.437       0.460
    B_02             0.263       0.286       0.299       0.362       0.425       0.437       0.460
    B_03             0.263       0.286       0.299       0.362       0.425       0.437       0.460
    B_04             0.263       0.286       0.299       0.362       0.425       0.437       0.460
    B_05             0.263       0.286       0.299       0.362       0.425       0.437       0.460
    IA               0.148       0.166       0.176       0.225       0.275       0.284       0.303
    SA              -0.003      -0.002      -0.002       0.001       0.003       0.003       0.004
    IB               0.062       0.163       0.214       0.482       0.751       0.802       0.903
    SB              -0.014      -0.010      -0.008       0.002       0.012       0.014       0.018

New/Additional Parameters
    R_IAIB          -0.186      -0.109      -0.069       0.138       0.345       0.385       0.463
    R_SASB          -6.616      -4.924      -4.058       0.461       4.981       5.846       7.538
    R_RES_AB        -0.182      -0.150      -0.133      -0.047       0.039       0.056       0.088


SAMPLE STATISTICS FOR ESTIMATED FACTOR SCORES


     SAMPLE STATISTICS


           Means
              IA            IA_SE         SA            SA_SE         IB
              ________      ________      ________      ________      ________
 1              2.192         0.193        -0.038         0.020        14.282


           Means
              IB_SE         SB            SB_SE
              ________      ________      ________
 1              0.323        -0.005         0.041


           Covariances
              IA            IA_SE         SA            SA_SE         IB
              ________      ________      ________      ________      ________
 IA             0.234
 IA_SE         -0.002         0.013
 SA             0.004         0.000         0.001
 SA_SE          0.000         0.000         0.000         0.000
 IB             0.100        -0.006         0.001         0.000         0.483
 IB_SE         -0.003         0.005         0.000         0.000        -0.005
 SB            -0.008         0.000         0.000         0.000        -0.008
 SB_SE          0.000         0.000         0.000         0.000         0.000


           Covariances
              IB_SE         SB            SB_SE
              ________      ________      ________
 IB_SE          0.004
 SB             0.000         0.001
 SB_SE          0.000         0.000         0.000


           Correlations
              IA            IA_SE         SA            SA_SE         IB
              ________      ________      ________      ________      ________
 IA             1.000
 IA_SE         -0.030         1.000
 SA             0.236        -0.047         1.000
 SA_SE         -0.067         0.636        -0.011         1.000
 IB             0.299        -0.069         0.048        -0.095         1.000
 IB_SE         -0.106         0.651        -0.072         0.885        -0.106
 SB            -0.628         0.080        -0.246         0.127        -0.451
 SB_SE         -0.047         0.975        -0.071         0.661        -0.076


           Correlations
              IB_SE         SB            SB_SE
              ________      ________      ________
 IB_SE          1.000
 SB             0.128         1.000
 SB_SE          0.665         0.106         1.000


RESULTS SAVING INFORMATION

  Order of data

    Parameter estimates
     (saved in order shown in Technical 1 output)
    Standard errors
     (saved in order shown in Technical 1 output)
    H0 Loglikelihood
    H0 Scaling Correction Factor for MLR
    Number of Free Parameters
    Akaike (AIC)
    Bayesian (BIC)
    Sample-Size Adjusted BIC
    Condition Number

  Save file
    b1_male_aehplus_fev_bnt_results.dat

  Save file format           Free


PLOT INFORMATION

The following plots are available:

  Histograms (sample values, estimated factor scores)
  Scatterplots (sample values, estimated factor scores)
  Latent variable distribution plots

SAVEDATA INFORMATION


  Save file
    b1_male_aehplus_fev_bnt_fscores.dat

  Order and format of variables

    A_01           F10.3
    A_02           F10.3
    A_03           F10.3
    A_04           F10.3
    A_05           F10.3
    B_01           F10.3
    B_02           F10.3
    B_03           F10.3
    B_04           F10.3
    B_05           F10.3
    AGE_C70        F10.3
    EDU_C7         F10.3
    HTM_C          F10.3
    SMOKE          F10.3
    HEART          F10.3
    DIABETES       F10.3
    TIME_01        F10.3
    TIME_02        F10.3
    TIME_03        F10.3
    TIME_04        F10.3
    TIME_05        F10.3
    IA             F10.3
    IA_SE          F10.3
    SA             F10.3
    SA_SE          F10.3
    IB             F10.3
    IB_SE          F10.3
    SB             F10.3
    SB_SE          F10.3

  Save file format
    29F10.3

  Save file record length    10000


     Beginning Time:  22:09:09
        Ending Time:  22:09:26
       Elapsed Time:  00:00:17



MUTHEN & MUTHEN
3463 Stoner Ave.
Los Angeles, CA  90066

Tel: (310) 391-9971
Fax: (310) 391-8971
Web: www.StatModel.com
Support: Support@StatModel.com

Copyright (c) 1998-2015 Muthen & Muthen
