Mplus VERSION 7.4 (Mac)
MUTHEN & MUTHEN
11/30/2016  10:41 PM

INPUT INSTRUCTIONS

  TITLE:
  Script produced from the prototype in ./sandbox/syntax-creator/
  DATA:
  File = wide-dataset.dat ;
  VARIABLE:
  NAMES are
   id male age_c70 edu_c7 htm_c smoke heart diabetes dementia_ever bnt_00 bnt_01
      bnt_02 bnt_03 bnt_04 bnt_05 bnt_06 bnt_07 bnt_08 bnt_09 bnt_10 bnt_11 bnt_12
      bnt_13 bnt_14 bnt_15 bnt_16 bnt_17 bnt_18 bostordel_00 bostordel_01 bostordel_02
      bostordel_03 bostordel_04 bostordel_05 bostordel_06 bostordel_07 bostordel_08
      bostordel_09 bostordel_10 bostordel_11 bostordel_12 bostordel_13 bostordel_14
      bostordel_15 bostordel_16 bostordel_17 bostordel_18 bostorim_00 bostorim_01
      bostorim_02 bostorim_03 bostorim_04 bostorim_05 bostorim_06 bostorim_07
      bostorim_08 bostorim_09 bostorim_10 bostorim_11 bostorim_12 bostorim_13
      bostorim_14 bostorim_15 bostorim_16 bostorim_17 bostorim_18 catfluency_00
      catfluency_01 catfluency_02 catfluency_03 catfluency_04 catfluency_05
      catfluency_06 catfluency_07 catfluency_08 catfluency_09 catfluency_10
      catfluency_11 catfluency_12 catfluency_13 catfluency_14 catfluency_15
      catfluency_16 catfluency_17 catfluency_18 complexideas_00 complexideas_01
      complexideas_02 complexideas_03 complexideas_04 complexideas_05 complexideas_06
      complexideas_07 complexideas_08 complexideas_09 complexideas_10 complexideas_11
      complexideas_12 complexideas_13 complexideas_14 complexideas_15 complexideas_16
      complexideas_17 complexideas_18 digitbackward_00 digitbackward_01
      digitbackward_02 digitbackward_03 digitbackward_04 digitbackward_05
      digitbackward_06 digitbackward_07 digitbackward_08 digitbackward_09
      digitbackward_10 digitbackward_11 digitbackward_12 digitbackward_13
      digitbackward_14 digitbackward_15 digitbackward_16 digitbackward_17
      digitbackward_18 digitforward_00 digitforward_01 digitforward_02 digitforward_03
      digitforward_04 digitforward_05 digitforward_06 digitforward_07 digitforward_08
      digitforward_09 digitforward_10 digitforward_11 digitforward_12 digitforward_13
      digitforward_14 digitforward_15 digitforward_16 digitforward_17 digitforward_18
      digitorder_00 digitorder_01 digitorder_02 digitorder_03 digitorder_04
      digitorder_05 digitorder_06 digitorder_07 digitorder_08 digitorder_09
      digitorder_10 digitorder_11 digitorder_12 digitorder_13 digitorder_14
      digitorder_15 digitorder_16 digitorder_17 digitorder_18 fev_00 fev_01 fev_02
      fev_03 fev_04 fev_05 fev_06 fev_07 fev_08 fev_09 fev_10 fev_11 fev_12 fev_13
      fev_14 fev_15 fev_16 fev_17 fev_18 gait_00 gait_01 gait_02 gait_03 gait_04
      gait_05 gait_06 gait_07 gait_08 gait_09 gait_10 gait_11 gait_12 gait_13 gait_14
      gait_15 gait_16 gait_17 gait_18 grip_00 grip_01 grip_02 grip_03 grip_04 grip_05
      grip_06 grip_07 grip_08 grip_09 grip_10 grip_11 grip_12 grip_13 grip_14 grip_15
      grip_16 grip_17 grip_18 lineorientation_00 lineorientation_01 lineorientation_02
      lineorientation_03 lineorientation_04 lineorientation_05 lineorientation_06
      lineorientation_07 lineorientation_08 lineorientation_09 lineorientation_10
      lineorientation_11 lineorientation_12 lineorientation_13 lineorientation_14
      lineorientation_15 lineorientation_16 lineorientation_17 lineorientation_18
      logimemdel_00 logimemdel_01 logimemdel_02 logimemdel_03 logimemdel_04
      logimemdel_05 logimemdel_06 logimemdel_07 logimemdel_08 logimemdel_09
      logimemdel_10 logimemdel_11 logimemdel_12 logimemdel_13 logimemdel_14
      logimemdel_15 logimemdel_16 logimemdel_17 logimemdel_18 logimemim_00
      logimemim_01 logimemim_02 logimemim_03 logimemim_04 logimemim_05 logimemim_06
      logimemim_07 logimemim_08 logimemim_09 logimemim_10 logimemim_11 logimemim_12
      logimemim_13 logimemim_14 logimemim_15 logimemim_16 logimemim_17 logimemim_18
      matrices_00 matrices_01 matrices_02 matrices_03 matrices_04 matrices_05
      matrices_06 matrices_07 matrices_08 matrices_09 matrices_10 matrices_11
      matrices_12 matrices_13 matrices_14 matrices_15 matrices_16 matrices_17
      matrices_18 mmse_00 mmse_01 mmse_02 mmse_03 mmse_04 mmse_05 mmse_06 mmse_07
      mmse_08 mmse_09 mmse_10 mmse_11 mmse_12 mmse_13 mmse_14 mmse_15 mmse_16 mmse_17
      mmse_18 nart_00 nart_01 nart_02 nart_03 nart_04 nart_05 nart_06 nart_07 nart_08
      nart_09 nart_10 nart_11 nart_12 nart_13 nart_14 nart_15 nart_16 nart_17 nart_18
      numbercomparison_00 numbercomparison_01 numbercomparison_02 numbercomparison_03
      numbercomparison_04 numbercomparison_05 numbercomparison_06 numbercomparison_07
      numbercomparison_08 numbercomparison_09 numbercomparison_10 numbercomparison_11
      numbercomparison_12 numbercomparison_13 numbercomparison_14 numbercomparison_15
      numbercomparison_16 numbercomparison_17 numbercomparison_18 symbol_00
      symbol_01 symbol_02 symbol_03 symbol_04 symbol_05 symbol_06 symbol_07 symbol_08
      symbol_09 symbol_10 symbol_11 symbol_12 symbol_13 symbol_14 symbol_15 symbol_16
      symbol_17 symbol_18 wordlistdel_00 wordlistdel_01 wordlistdel_02 wordlistdel_03
      wordlistdel_04 wordlistdel_05 wordlistdel_06 wordlistdel_07 wordlistdel_08
      wordlistdel_09 wordlistdel_10 wordlistdel_11 wordlistdel_12 wordlistdel_13
      wordlistdel_14 wordlistdel_15 wordlistdel_16 wordlistdel_17 wordlistdel_18
      wordlistim_00 wordlistim_01 wordlistim_02 wordlistim_03 wordlistim_04
      wordlistim_05 wordlistim_06 wordlistim_07 wordlistim_08 wordlistim_09
      wordlistim_10 wordlistim_11 wordlistim_12 wordlistim_13 wordlistim_14
      wordlistim_15 wordlistim_16 wordlistim_17 wordlistim_18 wordlistrecog_00
      wordlistrecog_01 wordlistrecog_02 wordlistrecog_03 wordlistrecog_04
      wordlistrecog_05 wordlistrecog_06 wordlistrecog_07 wordlistrecog_08
      wordlistrecog_09 wordlistrecog_10 wordlistrecog_11 wordlistrecog_12
      wordlistrecog_13 wordlistrecog_14 wordlistrecog_15 wordlistrecog_16
      wordlistrecog_17 wordlistrecog_18 years_since_bl_00 years_since_bl_01
      years_since_bl_02 years_since_bl_03 years_since_bl_04 years_since_bl_05
      years_since_bl_06 years_since_bl_07 years_since_bl_08 years_since_bl_09
      years_since_bl_10 years_since_bl_11 years_since_bl_12 years_since_bl_13
      years_since_bl_14 years_since_bl_15 years_since_bl_16 years_since_bl_17
      years_since_bl_18
  	;
  Missing are all (-9999);
  USEVARIABLES are
  	!define the variables used in the analysis
  	! covariates used in the model
  age_c70
  edu_c7
  htm_c
  smoke
  heart
  diabetes	
  	!estimated time points
  time_01
  time_02
  time_03
  time_04
  time_05
  	!modelled time points of process (A)
  a_01
  a_02
  a_03
  a_04
  a_05
  	!modelled time points of process (B)
  b_01
  b_02
  b_03
  b_04
  b_05
  ;
  TSCORES are
  	!estimated time points
  time_01
  time_02
  time_03
  time_04
  time_05;
  USEOBSERVATIONS are
  	!select a subset of observations
  male EQ 0
  and
  dementia_ever NE 1
  ;
  DEFINE:
  	! assign variables to the process (A)
  a_01=fev_01;
  a_02=fev_02;
  a_03=fev_03;
  a_04=fev_04;
  a_05=fev_05;
  	! assign variables to the process (B)
  b_01=bostordel_01;
  b_02=bostordel_02;
  b_03=bostordel_03;
  b_04=bostordel_04;
  b_05=bostordel_05;
  	!assign variables to time points
  time_01=years_since_bl_01;
  time_02=years_since_bl_02;
  time_03=years_since_bl_03;
  time_04=years_since_bl_04;
  time_05=years_since_bl_05;
  	
  ANALYSIS:
  TYPE = RANDOM;
  COVERAGE=.00;
  MODEL:
  	!first-level equation
  	! assign process (A) to time points
  ia sa | a_01 AT time_01 ;
  ia sa | a_02 AT time_02 ;
  ia sa | a_03 AT time_03 ;
  ia sa | a_04 AT time_04 ;
  ia sa | a_05 AT time_05 ;
  	! assign process (B) to time points
  ib sb | b_01 AT time_01 ;
  ib sb | b_02 AT time_02 ;
  ib sb | b_03 AT time_03 ;
  ib sb | b_04 AT time_04 ;
  ib sb | b_05 AT time_05 ;
  	!variance of the first-level terms
  ia (v_ia);
  sa (v_sa);
  ib (v_ib);
  sb (v_sb);
  	!covariance among first-level terms
  ia WITH sa (c_iasa);
  ia WITH ib (c_iaib);
  ia WITH sb (c_iasb);
  sa WITH ib (c_saib);
  sa WITH sb (c_sasb);
  ib WITH sb (c_ibsb);
  	!second-level equation
  ia sa ib sb ON age_c70
  edu_c7
  htm_c
  smoke
  heart
  diabetes;
  	!residual covariance of process (A)
  a_01 (res_a);
  a_02 (res_a);
  a_03 (res_a);
  a_04 (res_a);
  a_05 (res_a);	
  	!residual covariance of process (B)
  b_01 (res_b);
  b_02 (res_b);
  b_03 (res_b);
  b_04 (res_b);
  b_05 (res_b);	
  	!Paired covariances constrained to be equal across t
  a_01 pwith b_01 (res_cov);
  a_02 pwith b_02 (res_cov);
  a_03 pwith b_03 (res_cov);
  a_04 pwith b_04 (res_cov);
  a_05 pwith b_05 (res_cov);	
  MODEL CONSTRAINT:
  	!assigns labels to new parameters;
  NEW r_iaib;
  NEW r_sasb;
  NEW r_res_ab;
  	!compute confidence intervals for correlation coefficients;
  r_iaib = c_iaib/((v_ia**0.5)*(v_ib**0.5));
  r_sasb = c_sasb/((v_sa**0.5)*(v_sb**0.5));
  r_res_ab = res_cov/((res_a**0.5)*(res_b**0.5));
  SAVEDATA:
  FILE is   b1_female_aehplus_fev_bostordel_fscores.dat;
  SAVE = FSCORES;
  RESULTS are   b1_female_aehplus_fev_bostordel_results.dat;
  	
  OUTPUT: sampstat cinterval;
  PLOT: Type is Plot1 Plot2 Plot3;



*** WARNING
  Data set contains cases with missing on x-variables.
  These cases were not included in the analysis.
  Number of cases with missing on x-variables:  5
*** WARNING
  Data set contains cases with missing on all variables except
  x-variables.  These cases were not included in the analysis.
  Number of cases with missing on all variables except x-variables:  84
   2 WARNING(S) FOUND IN THE INPUT INSTRUCTIONS




Script produced from the prototype in ./sandbox/syntax-creator/

SUMMARY OF ANALYSIS

Number of groups                                                 1
Number of observations                                         887

Number of dependent variables                                   10
Number of independent variables                                  6
Number of continuous latent variables                            4

Observed dependent variables

  Continuous
   A_01        A_02        A_03        A_04        A_05        B_01
   B_02        B_03        B_04        B_05

Observed independent variables
   AGE_C70     EDU_C7      HTM_C       SMOKE       HEART       DIABETES

Continuous latent variables
   IA          SA          IB          SB

Variables with special functions

  Time scores
   TIME_01     TIME_02     TIME_03     TIME_04     TIME_05


Estimator                                                      MLR
Information matrix                                        OBSERVED
Maximum number of iterations                                   100
Convergence criterion                                    0.100D-05
Maximum number of EM iterations                                500
Convergence criteria for the EM algorithm
  Loglikelihood change                                   0.100D-02
  Relative loglikelihood change                          0.100D-05
  Derivative                                             0.100D-03
Minimum variance                                         0.100D-03
Maximum number of steepest descent iterations                   20
Maximum number of iterations for H1                           2000
Convergence criterion for H1                             0.100D-03
Optimization algorithm                                         EMA

Input data file(s)
  wide-dataset.dat
Input data format  FREE


SUMMARY OF DATA

     Number of missing data patterns           138


COVARIANCE COVERAGE OF DATA

Minimum covariance coverage value   0.000


     PROPORTION OF DATA PRESENT


           Covariance Coverage
              A_01          A_02          A_03          A_04          A_05
              ________      ________      ________      ________      ________
 A_01           0.699
 A_02           0.506         0.578
 A_03           0.336         0.353         0.419
 A_04           0.218         0.214         0.230         0.345
 A_05           0.139         0.140         0.124         0.165         0.248
 B_01           0.696         0.565         0.408         0.335         0.239
 B_02           0.630         0.575         0.408         0.329         0.236
 B_03           0.536         0.515         0.417         0.336         0.234
 B_04           0.450         0.423         0.355         0.342         0.232
 B_05           0.362         0.336         0.291         0.285         0.247
 AGE_C70        0.699         0.578         0.419         0.345         0.248
 EDU_C7         0.699         0.578         0.419         0.345         0.248
 HTM_C          0.699         0.578         0.419         0.345         0.248
 SMOKE          0.699         0.578         0.419         0.345         0.248
 HEART          0.699         0.578         0.419         0.345         0.248
 DIABETES       0.699         0.578         0.419         0.345         0.248


           Covariance Coverage
              B_01          B_02          B_03          B_04          B_05
              ________      ________      ________      ________      ________
 B_01           0.964
 B_02           0.837         0.865
 B_03           0.724         0.717         0.746
 B_04           0.608         0.595         0.598         0.629
 B_05           0.501         0.495         0.495         0.481         0.516
 AGE_C70        0.964         0.865         0.746         0.629         0.516
 EDU_C7         0.964         0.865         0.746         0.629         0.516
 HTM_C          0.964         0.865         0.746         0.629         0.516
 SMOKE          0.964         0.865         0.746         0.629         0.516
 HEART          0.964         0.865         0.746         0.629         0.516
 DIABETES       0.964         0.865         0.746         0.629         0.516


           Covariance Coverage
              AGE_C70       EDU_C7        HTM_C         SMOKE         HEART
              ________      ________      ________      ________      ________
 AGE_C70        1.000
 EDU_C7         1.000         1.000
 HTM_C          1.000         1.000         1.000
 SMOKE          1.000         1.000         1.000         1.000
 HEART          1.000         1.000         1.000         1.000         1.000
 DIABETES       1.000         1.000         1.000         1.000         1.000


           Covariance Coverage
              DIABETES
              ________
 DIABETES       1.000


SAMPLE STATISTICS


     ESTIMATED SAMPLE STATISTICS


           Means
              A_01          A_02          A_03          A_04          A_05
              ________      ________      ________      ________      ________
 1              1.499         1.502         1.452         1.414         1.392


           Means
              B_01          B_02          B_03          B_04          B_05
              ________      ________      ________      ________      ________
 1              9.433         9.347         9.442         9.242         9.053


           Means
              AGE_C70       EDU_C7        HTM_C         SMOKE         HEART
              ________      ________      ________      ________      ________
 1              8.309         7.508        -0.007         0.405         0.120


           Means
              DIABETES
              ________
 1              0.187


           Covariances
              A_01          A_02          A_03          A_04          A_05
              ________      ________      ________      ________      ________
 A_01           0.187
 A_02           0.163         0.182
 A_03           0.159         0.163         0.178
 A_04           0.161         0.161         0.159         0.182
 A_05           0.154         0.154         0.152         0.161         0.181
 B_01           0.064         0.076         0.070         0.054         0.047
 B_02           0.092         0.085         0.040         0.105         0.071
 B_03           0.109         0.131         0.105         0.122         0.109
 B_04           0.064         0.096         0.080         0.061         0.092
 B_05           0.106         0.149         0.095         0.128         0.159
 AGE_C70       -1.538        -1.516        -1.336        -1.510        -1.546
 EDU_C7         0.183         0.170         0.129         0.187         0.145
 HTM_C          0.012         0.011         0.010         0.011         0.011
 SMOKE         -0.011        -0.009        -0.003        -0.013        -0.015
 HEART         -0.017        -0.016        -0.019        -0.018        -0.019
 DIABETES       0.005         0.009         0.007         0.007         0.007


           Covariances
              B_01          B_02          B_03          B_04          B_05
              ________      ________      ________      ________      ________
 B_01           3.573
 B_02           1.725         4.670
 B_03           1.735         2.274         4.517
 B_04           1.669         2.198         2.245         5.085
 B_05           1.555         2.523         2.201         2.655         5.509
 AGE_C70       -2.072        -3.539        -2.277        -3.289        -3.996
 EDU_C7         0.804         0.635         0.553         0.934         0.786
 HTM_C          0.003         0.016         0.011         0.007         0.018
 SMOKE          0.038         0.008        -0.010         0.023        -0.050
 HEART         -0.049        -0.020        -0.025        -0.019         0.013
 DIABETES      -0.003         0.066         0.036         0.080         0.069


           Covariances
              AGE_C70       EDU_C7        HTM_C         SMOKE         HEART
              ________      ________      ________      ________      ________
 AGE_C70       62.176
 EDU_C7        -1.068         9.578
 HTM_C         -0.093         0.033         0.005
 SMOKE         -0.329         0.038         0.002         0.241
 HEART          0.256        -0.035        -0.001         0.002         0.105
 DIABETES      -0.415        -0.199         0.000        -0.008         0.006


           Covariances
              DIABETES
              ________
 DIABETES       0.152


           Correlations
              A_01          A_02          A_03          A_04          A_05
              ________      ________      ________      ________      ________
 A_01           1.000
 A_02           0.882         1.000
 A_03           0.869         0.905         1.000
 A_04           0.872         0.883         0.885         1.000
 A_05           0.836         0.848         0.845         0.885         1.000
 B_01           0.079         0.095         0.088         0.066         0.058
 B_02           0.098         0.092         0.043         0.114         0.078
 B_03           0.119         0.145         0.118         0.134         0.120
 B_04           0.066         0.099         0.084         0.063         0.095
 B_05           0.105         0.148         0.096         0.128         0.159
 AGE_C70       -0.451        -0.450        -0.402        -0.449        -0.460
 EDU_C7         0.136         0.129         0.099         0.142         0.110
 HTM_C          0.382         0.375         0.348         0.358         0.370
 SMOKE         -0.052        -0.044        -0.017        -0.064        -0.072
 HEART         -0.121        -0.116        -0.141        -0.129        -0.135
 DIABETES       0.029         0.054         0.044         0.042         0.043


           Correlations
              B_01          B_02          B_03          B_04          B_05
              ________      ________      ________      ________      ________
 B_01           1.000
 B_02           0.422         1.000
 B_03           0.432         0.495         1.000
 B_04           0.392         0.451         0.468         1.000
 B_05           0.350         0.497         0.441         0.502         1.000
 AGE_C70       -0.139        -0.208        -0.136        -0.185        -0.216
 EDU_C7         0.137         0.095         0.084         0.134         0.108
 HTM_C          0.026         0.108         0.072         0.041         0.109
 SMOKE          0.040         0.008        -0.010         0.021        -0.044
 HEART         -0.080        -0.029        -0.036        -0.026         0.016
 DIABETES      -0.004         0.079         0.044         0.091         0.075


           Correlations
              AGE_C70       EDU_C7        HTM_C         SMOKE         HEART
              ________      ________      ________      ________      ________
 AGE_C70        1.000
 EDU_C7        -0.044         1.000
 HTM_C         -0.168         0.153         1.000
 SMOKE         -0.085         0.025         0.063         1.000
 HEART          0.100        -0.035        -0.048         0.015         1.000
 DIABETES      -0.135        -0.165         0.016        -0.042         0.046


           Correlations
              DIABETES
              ________
 DIABETES       1.000


     MAXIMUM LOG-LIKELIHOOD VALUE FOR THE UNRESTRICTED (H1) MODEL IS -12187.442


UNIVARIATE SAMPLE STATISTICS


     UNIVARIATE HIGHER-ORDER MOMENT DESCRIPTIVE STATISTICS

         Variable/         Mean/     Skewness/   Minimum/ % with                Percentiles
        Sample Size      Variance    Kurtosis    Maximum  Min/Max      20%/60%    40%/80%    Median

     A_01                  1.483       0.213       0.370    0.16%       1.120      1.360      1.470
             620.000       0.188       0.061       3.075    0.16%       1.580      1.830
     A_02                  1.497       0.200       0.350    0.19%       1.155      1.375      1.480
             513.000       0.176       0.304       3.035    0.19%       1.580      1.840
     A_03                  1.433       0.110       0.345    0.27%       1.095      1.325      1.453
             372.000       0.164       0.246       2.655    0.27%       1.530      1.715
     A_04                  1.425       0.069       0.210    0.33%       1.065      1.350      1.453
             306.000       0.160       0.194       2.710    0.33%       1.525      1.740
     A_05                  1.409       0.126       0.330    0.45%       1.100      1.340      1.385
             220.000       0.170       0.289       2.700    0.45%       1.480      1.750
     B_01                  9.443      -0.915       0.000    0.47%       8.000      9.000     10.000
             855.000       3.557       2.230      12.000   16.37%      10.000     11.000
     B_02                  9.361      -1.387       0.000    1.04%       8.000      9.000     10.000
             767.000       4.643       3.534      12.000   17.21%      10.000     11.000
     B_03                  9.521      -1.319       0.000    1.06%       8.000      9.000     10.000
             662.000       4.373       3.482      12.000   19.64%      10.000     11.000
     B_04                  9.387      -1.264       0.000    1.08%       8.000      9.000     10.000
             558.000       4.854       2.905      12.000   20.07%      10.000     11.000
     B_05                  9.341      -1.356       0.000    1.53%       8.000      9.000     10.000
             458.000       5.024       3.442      12.000   19.43%      10.000     11.000
     AGE_C70               8.309      -0.466     -16.653    0.11%       1.499      7.366      9.381
             887.000      62.176       0.024      28.708    0.11%      11.049     14.843
     EDU_C7                7.508      -0.115      -7.000    0.11%       5.000      7.000      7.000
             887.000       9.578       1.105      18.000    0.11%       9.000     10.000
     HTM_C                -0.007      -0.263      -0.355    0.23%      -0.063     -0.025      0.000
             887.000       0.005       1.304       0.203    0.34%       0.000      0.051
     SMOKE                 0.405       0.388       0.000   59.53%       0.000      0.000      0.000
             887.000       0.241      -1.849       1.000   40.47%       1.000      1.000
     HEART                 0.120       2.346       0.000   88.05%       0.000      0.000      0.000
             887.000       0.105       3.504       1.000   11.95%       0.000      0.000
     DIABETES              0.187       1.604       0.000   81.29%       0.000      0.000      0.000
             887.000       0.152       0.574       1.000   18.71%       0.000      0.000


THE MODEL ESTIMATION TERMINATED NORMALLY



MODEL FIT INFORMATION

Number of Free Parameters                       41

Loglikelihood

          H0 Value                       -6742.597
          H0 Scaling Correction Factor      1.2080
            for MLR

Information Criteria

          Akaike (AIC)                   13567.193
          Bayesian (BIC)                 13763.495
          Sample-Size Adjusted BIC       13633.287
            (n* = (n + 2) / 24)



MODEL RESULTS

                                                    Two-Tailed
                    Estimate       S.E.  Est./S.E.    P-Value

 IA         ON
    AGE_C70           -0.022      0.002    -10.846      0.000
    EDU_C7             0.010      0.005      2.084      0.037
    HTM_C              1.915      0.221      8.673      0.000
    SMOKE             -0.085      0.030     -2.842      0.004
    HEART             -0.080      0.046     -1.759      0.079
    DIABETES          -0.014      0.039     -0.347      0.729

 SA         ON
    AGE_C70            0.000      0.000      0.423      0.672
    EDU_C7            -0.001      0.001     -0.560      0.576
    HTM_C             -0.034      0.049     -0.692      0.489
    SMOKE             -0.002      0.007     -0.242      0.808
    HEART             -0.004      0.009     -0.432      0.666
    DIABETES           0.002      0.009      0.266      0.791

 IB         ON
    AGE_C70           -0.028      0.009     -3.067      0.002
    EDU_C7             0.072      0.023      3.189      0.001
    HTM_C             -0.198      1.037     -0.191      0.849
    SMOKE              0.148      0.146      1.015      0.310
    HEART             -0.467      0.249     -1.878      0.060
    DIABETES           0.019      0.170      0.113      0.910

 SB         ON
    AGE_C70           -0.006      0.003     -1.929      0.054
    EDU_C7             0.001      0.007      0.181      0.857
    HTM_C              0.386      0.310      1.243      0.214
    SMOKE             -0.070      0.046     -1.508      0.132
    HEART              0.134      0.069      1.949      0.051
    DIABETES           0.095      0.055      1.746      0.081

 IA       WITH
    SA                -0.003      0.002     -1.708      0.088
    IB                 0.026      0.028      0.925      0.355
    SB                -0.010      0.009     -1.059      0.290

 SA       WITH
    IB                -0.012      0.007     -1.557      0.119
    SB                 0.004      0.002      2.281      0.023

 IB       WITH
    SB                 0.065      0.069      0.941      0.347

 A_01     WITH
    B_01              -0.009      0.007     -1.148      0.251

 A_02     WITH
    B_02              -0.009      0.007     -1.148      0.251

 A_03     WITH
    B_03              -0.009      0.007     -1.148      0.251

 A_04     WITH
    B_04              -0.009      0.007     -1.148      0.251

 A_05     WITH
    B_05              -0.009      0.007     -1.148      0.251

 Intercepts
    A_01               0.000      0.000    999.000    999.000
    A_02               0.000      0.000    999.000    999.000
    A_03               0.000      0.000    999.000    999.000
    A_04               0.000      0.000    999.000    999.000
    A_05               0.000      0.000    999.000    999.000
    B_01               0.000      0.000    999.000    999.000
    B_02               0.000      0.000    999.000    999.000
    B_03               0.000      0.000    999.000    999.000
    B_04               0.000      0.000    999.000    999.000
    B_05               0.000      0.000    999.000    999.000
    IA                 1.705      0.047     36.194      0.000
    SA                -0.025      0.010     -2.377      0.017
    IB                 9.223      0.231     39.984      0.000
    SB                -0.046      0.072     -0.644      0.520

 Residual Variances
    A_01               0.020      0.002     12.101      0.000
    A_02               0.020      0.002     12.101      0.000
    A_03               0.020      0.002     12.101      0.000
    A_04               0.020      0.002     12.101      0.000
    A_05               0.020      0.002     12.101      0.000
    B_01               2.451      0.133     18.488      0.000
    B_02               2.451      0.133     18.488      0.000
    B_03               2.451      0.133     18.488      0.000
    B_04               2.451      0.133     18.488      0.000
    B_05               2.451      0.133     18.488      0.000
    IA                 0.113      0.009     12.473      0.000
    SA                 0.001      0.001      2.143      0.032
    IB                 1.194      0.320      3.731      0.000
    SB                 0.037      0.024      1.528      0.127

New/Additional Parameters
    R_IAIB             0.072      0.077      0.930      0.352
    R_SASB             0.694      0.371      1.874      0.061
    R_RES_AB          -0.038      0.033     -1.158      0.247


QUALITY OF NUMERICAL RESULTS

     Condition Number for the Information Matrix              0.179E-06
       (ratio of smallest to largest eigenvalue)


CONFIDENCE INTERVALS OF MODEL RESULTS

                  Lower .5%  Lower 2.5%    Lower 5%    Estimate    Upper 5%  Upper 2.5%   Upper .5%

 IA       ON
    AGE_C70         -0.027      -0.026      -0.025      -0.022      -0.019      -0.018      -0.017
    EDU_C7          -0.002       0.001       0.002       0.010       0.018       0.019       0.022
    HTM_C            1.347       1.483       1.552       1.915       2.279       2.348       2.484
    SMOKE           -0.162      -0.144      -0.134      -0.085      -0.036      -0.026      -0.008
    HEART           -0.198      -0.170      -0.155      -0.080      -0.005       0.009       0.037
    DIABETES        -0.115      -0.091      -0.078      -0.014       0.051       0.063       0.088

 SA       ON
    AGE_C70         -0.001      -0.001      -0.001       0.000       0.001       0.001       0.001
    EDU_C7          -0.003      -0.003      -0.002      -0.001       0.001       0.001       0.002
    HTM_C           -0.161      -0.131      -0.115      -0.034       0.047       0.062       0.093
    SMOKE           -0.019      -0.015      -0.013      -0.002       0.010       0.012       0.016
    HEART           -0.027      -0.022      -0.019      -0.004       0.011       0.014       0.019
    DIABETES        -0.021      -0.016      -0.013       0.002       0.018       0.021       0.026

 IB       ON
    AGE_C70         -0.051      -0.045      -0.042      -0.028      -0.013      -0.010      -0.004
    EDU_C7           0.014       0.028       0.035       0.072       0.109       0.116       0.130
    HTM_C           -2.870      -2.231      -1.904      -0.198       1.508       1.835       2.473
    SMOKE           -0.228      -0.138      -0.092       0.148       0.388       0.434       0.524
    HEART           -1.108      -0.955      -0.877      -0.467      -0.058       0.020       0.174
    DIABETES        -0.418      -0.313      -0.260       0.019       0.298       0.352       0.456

 SB       ON
    AGE_C70         -0.013      -0.011      -0.011      -0.006      -0.001       0.000       0.002
    EDU_C7          -0.017      -0.013      -0.011       0.001       0.013       0.016       0.020
    HTM_C           -0.414      -0.222      -0.125       0.386       0.896       0.994       1.185
    SMOKE           -0.189      -0.160      -0.146      -0.070       0.006       0.021       0.049
    HEART           -0.043      -0.001       0.021       0.134       0.247       0.268       0.311
    DIABETES        -0.045      -0.012       0.006       0.095       0.185       0.203       0.236

 IA       WITH
    SA              -0.008      -0.007      -0.006      -0.003       0.000       0.000       0.002
    IB              -0.047      -0.029      -0.020       0.026       0.073       0.082       0.100
    SB              -0.033      -0.028      -0.025      -0.010       0.005       0.008       0.014

 SA       WITH
    IB              -0.031      -0.026      -0.024      -0.012       0.001       0.003       0.008
    SB              -0.001       0.001       0.001       0.004       0.008       0.008       0.009

 IB       WITH
    SB              -0.114      -0.071      -0.049       0.065       0.180       0.201       0.244

 A_01     WITH
    B_01            -0.028      -0.023      -0.021      -0.009       0.004       0.006       0.011

 A_02     WITH
    B_02            -0.028      -0.023      -0.021      -0.009       0.004       0.006       0.011

 A_03     WITH
    B_03            -0.028      -0.023      -0.021      -0.009       0.004       0.006       0.011

 A_04     WITH
    B_04            -0.028      -0.023      -0.021      -0.009       0.004       0.006       0.011

 A_05     WITH
    B_05            -0.028      -0.023      -0.021      -0.009       0.004       0.006       0.011

 Intercepts
    A_01             0.000       0.000       0.000       0.000       0.000       0.000       0.000
    A_02             0.000       0.000       0.000       0.000       0.000       0.000       0.000
    A_03             0.000       0.000       0.000       0.000       0.000       0.000       0.000
    A_04             0.000       0.000       0.000       0.000       0.000       0.000       0.000
    A_05             0.000       0.000       0.000       0.000       0.000       0.000       0.000
    B_01             0.000       0.000       0.000       0.000       0.000       0.000       0.000
    B_02             0.000       0.000       0.000       0.000       0.000       0.000       0.000
    B_03             0.000       0.000       0.000       0.000       0.000       0.000       0.000
    B_04             0.000       0.000       0.000       0.000       0.000       0.000       0.000
    B_05             0.000       0.000       0.000       0.000       0.000       0.000       0.000
    IA               1.583       1.612       1.627       1.705       1.782       1.797       1.826
    SA              -0.051      -0.045      -0.042      -0.025      -0.008      -0.004       0.002
    IB               8.629       8.771       8.844       9.223       9.603       9.676       9.818
    SB              -0.230      -0.186      -0.164      -0.046       0.072       0.094       0.138

 Residual Variances
    A_01             0.016       0.017       0.018       0.020       0.023       0.024       0.025
    A_02             0.016       0.017       0.018       0.020       0.023       0.024       0.025
    A_03             0.016       0.017       0.018       0.020       0.023       0.024       0.025
    A_04             0.016       0.017       0.018       0.020       0.023       0.024       0.025
    A_05             0.016       0.017       0.018       0.020       0.023       0.024       0.025
    B_01             2.109       2.191       2.233       2.451       2.669       2.711       2.792
    B_02             2.109       2.191       2.233       2.451       2.669       2.711       2.792
    B_03             2.109       2.191       2.233       2.451       2.669       2.711       2.792
    B_04             2.109       2.191       2.233       2.451       2.669       2.711       2.792
    B_05             2.109       2.191       2.233       2.451       2.669       2.711       2.792
    IA               0.090       0.095       0.098       0.113       0.128       0.131       0.137
    SA               0.000       0.000       0.000       0.001       0.002       0.002       0.002
    IB               0.370       0.567       0.668       1.194       1.720       1.821       2.018
    SB              -0.025      -0.010      -0.003       0.037       0.077       0.084       0.099

New/Additional Parameters
    R_IAIB          -0.127      -0.079      -0.055       0.072       0.198       0.222       0.270
    R_SASB          -0.260      -0.032       0.085       0.694       1.304       1.421       1.649
    R_RES_AB        -0.123      -0.103      -0.093      -0.038       0.016       0.026       0.047


SAMPLE STATISTICS FOR ESTIMATED FACTOR SCORES


     SAMPLE STATISTICS


           Means
              IA            IA_SE         SA            SA_SE         IB
              ________      ________      ________      ________      ________
 1              1.536         0.143        -0.028         0.031         9.543


           Means
              IB_SE         SB            SB_SE
              ________      ________      ________
 1              0.670        -0.080         0.154


           Covariances
              IA            IA_SE         SA            SA_SE         IB
              ________      ________      ________      ________      ________
 IA             0.148
 IA_SE          0.000         0.005
 SA            -0.002         0.000         0.000
 SA_SE          0.000         0.000         0.000         0.000
 IB             0.064         0.000        -0.003         0.000         0.876
 IB_SE         -0.004         0.003         0.000         0.000        -0.010
 SB             0.011         0.000         0.001         0.000         0.080
 SB_SE         -0.001         0.001         0.000         0.000        -0.002


           Covariances
              IB_SE         SB            SB_SE
              ________      ________      ________
 IB_SE          0.008
 SB            -0.002         0.021
 SB_SE          0.001         0.000         0.000


           Correlations
              IA            IA_SE         SA            SA_SE         IB
              ________      ________      ________      ________      ________
 IA             1.000
 IA_SE          0.014         1.000
 SA            -0.318         0.018         1.000
 SA_SE         -0.011         0.505         0.060         1.000
 IB             0.179        -0.007        -0.204        -0.062         1.000
 IB_SE         -0.111         0.523         0.062         0.669        -0.122
 SB             0.203        -0.035         0.291        -0.051         0.597
 SB_SE         -0.110         0.467         0.063         0.819        -0.130


           Correlations
              IB_SE         SB            SB_SE
              ________      ________      ________
 IB_SE          1.000
 SB            -0.122         1.000
 SB_SE          0.907        -0.143         1.000


RESULTS SAVING INFORMATION

  Order of data

    Parameter estimates
     (saved in order shown in Technical 1 output)
    Standard errors
     (saved in order shown in Technical 1 output)
    H0 Loglikelihood
    H0 Scaling Correction Factor for MLR
    Number of Free Parameters
    Akaike (AIC)
    Bayesian (BIC)
    Sample-Size Adjusted BIC
    Condition Number

  Save file
    b1_female_aehplus_fev_bostordel_results.dat

  Save file format           Free


PLOT INFORMATION

The following plots are available:

  Histograms (sample values, estimated factor scores)
  Scatterplots (sample values, estimated factor scores)
  Latent variable distribution plots

SAVEDATA INFORMATION


  Save file
    b1_female_aehplus_fev_bostordel_fscores.dat

  Order and format of variables

    A_01           F10.3
    A_02           F10.3
    A_03           F10.3
    A_04           F10.3
    A_05           F10.3
    B_01           F10.3
    B_02           F10.3
    B_03           F10.3
    B_04           F10.3
    B_05           F10.3
    AGE_C70        F10.3
    EDU_C7         F10.3
    HTM_C          F10.3
    SMOKE          F10.3
    HEART          F10.3
    DIABETES       F10.3
    TIME_01        F10.3
    TIME_02        F10.3
    TIME_03        F10.3
    TIME_04        F10.3
    TIME_05        F10.3
    IA             F10.3
    IA_SE          F10.3
    SA             F10.3
    SA_SE          F10.3
    IB             F10.3
    IB_SE          F10.3
    SB             F10.3
    SB_SE          F10.3

  Save file format
    29F10.3

  Save file record length    10000


     Beginning Time:  22:41:42
        Ending Time:  22:41:48
       Elapsed Time:  00:00:06



MUTHEN & MUTHEN
3463 Stoner Ave.
Los Angeles, CA  90066

Tel: (310) 391-9971
Fax: (310) 391-8971
Web: www.StatModel.com
Support: Support@StatModel.com

Copyright (c) 1998-2015 Muthen & Muthen
